{"/home/travis/build/npmtest/node-npmtest-hackmyresume/test.js":{"path":"/home/travis/build/npmtest/node-npmtest-hackmyresume/test.js","s":{"1":2,"2":2,"3":2,"4":2,"5":2,"6":2,"7":2,"8":1,"9":2,"10":2,"11":1,"12":1,"13":1,"14":1,"15":2,"16":2,"17":2,"18":2,"19":1,"20":1,"21":2,"22":2,"23":2,"24":1,"25":1,"26":1,"27":1,"28":1,"29":1,"30":1,"31":1,"32":1,"33":1,"34":1,"35":1,"36":1,"37":1,"38":1,"39":2,"40":2,"41":1,"42":2,"43":2,"44":1,"45":2,"46":2,"47":1,"48":2,"49":2,"50":1,"51":1,"52":1,"53":1,"54":1},"b":{"1":[2,1,1,1],"2":[1,1,1,1],"3":[1,1],"4":[1,1],"5":[1,1],"6":[1,1],"7":[1,1],"8":[1,1],"9":[1,1],"10":[1,1,1],"11":[1,1],"12":[1,1],"13":[1,1],"14":[1,1],"15":[1,1],"16":[1,1],"17":[1,1]},"f":{"1":2,"2":2,"3":2,"4":2,"5":2,"6":1,"7":1,"8":1,"9":2,"10":2,"11":2,"12":2,"13":1},"fnMap":{"1":{"name":"(anonymous_1)","line":12,"loc":{"start":{"line":12,"column":1},"end":{"line":12,"column":13}}},"2":{"name":"(anonymous_2)","line":19,"loc":{"start":{"line":19,"column":5},"end":{"line":19,"column":17}}},"3":{"name":"(anonymous_3)","line":23,"loc":{"start":{"line":23,"column":24},"end":{"line":23,"column":36}}},"4":{"name":"(anonymous_4)","line":61,"loc":{"start":{"line":61,"column":5},"end":{"line":61,"column":17}}},"5":{"name":"(anonymous_5)","line":82,"loc":{"start":{"line":82,"column":5},"end":{"line":82,"column":17}}},"6":{"name":"(anonymous_6)","line":91,"loc":{"start":{"line":91,"column":77},"end":{"line":94,"column":10}}},"7":{"name":"(anonymous_7)","line":112,"loc":{"start":{"line":112,"column":83},"end":{"line":115,"column":10}},"skip":true},"8":{"name":"(anonymous_8)","line":123,"loc":{"start":{"line":123,"column":77},"end":{"line":126,"column":10}},"skip":true},"9":{"name":"(anonymous_9)","line":139,"loc":{"start":{"line":139,"column":12},"end":{"line":139,"column":40}},"skip":true},"10":{"name":"(anonymous_10)","line":147,"loc":{"start":{"line":147,"column":77},"end":{"line":150,"column":10}},"skip":true},"11":{"name":"(anonymous_11)","line":158,"loc":{"start":{"line":158,"column":83},"end":{"line":161,"column":10}},"skip":true},"12":{"name":"(anonymous_12)","line":169,"loc":{"start":{"line":169,"column":79},"end":{"line":172,"column":10}},"skip":true},"13":{"name":"(anonymous_13)","line":180,"loc":{"start":{"line":180,"column":75},"end":{"line":183,"column":10}},"skip":true}},"statementMap":{"1":{"start":{"line":12,"column":0},"end":{"line":195,"column":5}},"2":{"start":{"line":14,"column":4},"end":{"line":14,"column":14}},"3":{"start":{"line":19,"column":4},"end":{"line":56,"column":9}},"4":{"start":{"line":21,"column":8},"end":{"line":21,"column":19}},"5":{"start":{"line":23,"column":8},"end":{"line":35,"column":13}},"6":{"start":{"line":24,"column":12},"end":{"line":34,"column":13}},"7":{"start":{"line":25,"column":16},"end":{"line":28,"column":30}},"8":{"start":{"line":30,"column":16},"end":{"line":33,"column":27}},"9":{"start":{"line":37,"column":8},"end":{"line":39,"column":21}},"10":{"start":{"line":40,"column":8},"end":{"line":53,"column":9}},"11":{"start":{"line":43,"column":12},"end":{"line":46,"column":14}},"12":{"start":{"line":47,"column":12},"end":{"line":47,"column":18}},"13":{"start":{"line":50,"column":12},"end":{"line":51,"column":33}},"14":{"start":{"line":52,"column":12},"end":{"line":52,"column":18}},"15":{"start":{"line":55,"column":8},"end":{"line":55,"column":35}},"16":{"start":{"line":61,"column":4},"end":{"line":63,"column":9}},"17":{"start":{"line":62,"column":8},"end":{"line":62,"column":15}},"18":{"start":{"line":64,"column":4},"end":{"line":77,"column":5}},"19":{"start":{"line":70,"column":8},"end":{"line":70,"column":14}},"20":{"start":{"line":76,"column":8},"end":{"line":76,"column":14}},"21":{"start":{"line":82,"column":4},"end":{"line":84,"column":9}},"22":{"start":{"line":83,"column":8},"end":{"line":83,"column":15}},"23":{"start":{"line":85,"column":4},"end":{"line":194,"column":5}},"24":{"start":{"line":91,"column":8},"end":{"line":99,"column":10}},"25":{"start":{"line":98,"column":12},"end":{"line":98,"column":35}},"26":{"start":{"line":102,"column":8},"end":{"line":104,"column":63}},"27":{"start":{"line":105,"column":8},"end":{"line":105,"column":14}},"28":{"start":{"line":112,"column":8},"end":{"line":121,"column":10},"skip":true},"29":{"start":{"line":119,"column":12},"end":{"line":119,"column":55},"skip":true},"30":{"start":{"line":120,"column":12},"end":{"line":120,"column":48},"skip":true},"31":{"start":{"line":123,"column":8},"end":{"line":136,"column":10},"skip":true},"32":{"start":{"line":130,"column":12},"end":{"line":130,"column":76},"skip":true},"33":{"start":{"line":131,"column":12},"end":{"line":131,"column":73},"skip":true},"34":{"start":{"line":132,"column":12},"end":{"line":132,"column":74},"skip":true},"35":{"start":{"line":133,"column":12},"end":{"line":133,"column":79},"skip":true},"36":{"start":{"line":134,"column":12},"end":{"line":134,"column":25},"skip":true},"37":{"start":{"line":135,"column":12},"end":{"line":135,"column":45},"skip":true},"38":{"start":{"line":138,"column":8},"end":{"line":145,"column":14},"skip":true},"39":{"start":{"line":143,"column":16},"end":{"line":143,"column":29},"skip":true},"40":{"start":{"line":144,"column":16},"end":{"line":144,"column":55},"skip":true},"41":{"start":{"line":147,"column":8},"end":{"line":156,"column":10},"skip":true},"42":{"start":{"line":154,"column":12},"end":{"line":154,"column":25},"skip":true},"43":{"start":{"line":155,"column":12},"end":{"line":155,"column":45},"skip":true},"44":{"start":{"line":158,"column":8},"end":{"line":167,"column":10},"skip":true},"45":{"start":{"line":165,"column":12},"end":{"line":165,"column":25},"skip":true},"46":{"start":{"line":166,"column":12},"end":{"line":166,"column":48},"skip":true},"47":{"start":{"line":169,"column":8},"end":{"line":178,"column":10},"skip":true},"48":{"start":{"line":176,"column":12},"end":{"line":176,"column":25},"skip":true},"49":{"start":{"line":177,"column":12},"end":{"line":177,"column":46},"skip":true},"50":{"start":{"line":180,"column":8},"end":{"line":189,"column":10},"skip":true},"51":{"start":{"line":187,"column":12},"end":{"line":187,"column":94},"skip":true},"52":{"start":{"line":188,"column":12},"end":{"line":188,"column":48},"skip":true},"53":{"start":{"line":192,"column":8},"end":{"line":192,"column":35},"skip":true},"54":{"start":{"line":193,"column":8},"end":{"line":193,"column":14},"skip":true}},"branchMap":{"1":{"line":25,"type":"binary-expr","locations":[{"start":{"line":25,"column":23},"end":{"line":25,"column":62}},{"start":{"line":26,"column":20},"end":{"line":26,"column":70}},{"start":{"line":27,"column":20},"end":{"line":27,"column":71}},{"start":{"line":28,"column":20},"end":{"line":28,"column":29}}]},"2":{"line":30,"type":"binary-expr","locations":[{"start":{"line":30,"column":23},"end":{"line":30,"column":37}},{"start":{"line":31,"column":20},"end":{"line":31,"column":61}},{"start":{"line":32,"column":20},"end":{"line":32,"column":70}},{"start":{"line":33,"column":20},"end":{"line":33,"column":26}}]},"3":{"line":37,"type":"cond-expr","locations":[{"start":{"line":38,"column":14},"end":{"line":38,"column":20}},{"start":{"line":39,"column":14},"end":{"line":39,"column":20}}]},"4":{"line":40,"type":"switch","locations":[{"start":{"line":42,"column":8},"end":{"line":47,"column":18}},{"start":{"line":49,"column":8},"end":{"line":52,"column":18}}]},"5":{"line":44,"type":"binary-expr","locations":[{"start":{"line":44,"column":16},"end":{"line":44,"column":44}},{"start":{"line":44,"column":48},"end":{"line":44,"column":66}}]},"6":{"line":50,"type":"binary-expr","locations":[{"start":{"line":50,"column":21},"end":{"line":50,"column":49}},{"start":{"line":50,"column":53},"end":{"line":50,"column":72}}]},"7":{"line":64,"type":"switch","locations":[{"start":{"line":69,"column":4},"end":{"line":70,"column":14}},{"start":{"line":75,"column":4},"end":{"line":76,"column":14}}]},"8":{"line":85,"type":"switch","locations":[{"start":{"line":90,"column":4},"end":{"line":105,"column":14}},{"start":{"line":111,"column":4},"end":{"line":193,"column":14},"skip":true}]},"9":{"line":91,"type":"binary-expr","locations":[{"start":{"line":91,"column":42},"end":{"line":91,"column":73}},{"start":{"line":91,"column":77},"end":{"line":99,"column":9}}]},"10":{"line":102,"type":"binary-expr","locations":[{"start":{"line":102,"column":18},"end":{"line":102,"column":32}},{"start":{"line":103,"column":12},"end":{"line":103,"column":53}},{"start":{"line":104,"column":12},"end":{"line":104,"column":61}}]},"11":{"line":112,"type":"binary-expr","locations":[{"start":{"line":112,"column":45},"end":{"line":112,"column":79},"skip":true},{"start":{"line":112,"column":83},"end":{"line":121,"column":9},"skip":true}]},"12":{"line":123,"type":"binary-expr","locations":[{"start":{"line":123,"column":42},"end":{"line":123,"column":73},"skip":true},{"start":{"line":123,"column":77},"end":{"line":136,"column":9},"skip":true}]},"13":{"line":138,"type":"binary-expr","locations":[{"start":{"line":138,"column":48},"end":{"line":138,"column":85},"skip":true},{"start":{"line":139,"column":12},"end":{"line":145,"column":13},"skip":true}]},"14":{"line":147,"type":"binary-expr","locations":[{"start":{"line":147,"column":42},"end":{"line":147,"column":73},"skip":true},{"start":{"line":147,"column":77},"end":{"line":156,"column":9},"skip":true}]},"15":{"line":158,"type":"binary-expr","locations":[{"start":{"line":158,"column":45},"end":{"line":158,"column":79},"skip":true},{"start":{"line":158,"column":83},"end":{"line":167,"column":9},"skip":true}]},"16":{"line":169,"type":"binary-expr","locations":[{"start":{"line":169,"column":43},"end":{"line":169,"column":75},"skip":true},{"start":{"line":169,"column":79},"end":{"line":178,"column":9},"skip":true}]},"17":{"line":180,"type":"binary-expr","locations":[{"start":{"line":180,"column":41},"end":{"line":180,"column":71},"skip":true},{"start":{"line":180,"column":75},"end":{"line":189,"column":9},"skip":true}]}},"code":["/* istanbul instrument in package npmtest_hackmyresume */","/*jslint","    bitwise: true,","    browser: true,","    maxerr: 8,","    maxlen: 96,","    node: true,","    nomen: true,","    regexp: true,","    stupid: true","*/","(function () {","    'use strict';","    var local;","","","","    // run shared js-env code - init-before","    (function () {","        // init local","        local = {};","        // init modeJs","        local.modeJs = (function () {","            try {","                return typeof navigator.userAgent === 'string' &&","                    typeof document.querySelector('body') === 'object' &&","                    typeof XMLHttpRequest.prototype.open === 'function' &&","                    'browser';","            } catch (errorCaughtBrowser) {","                return module.exports &&","                    typeof process.versions.node === 'string' &&","                    typeof require('http').createServer === 'function' &&","                    'node';","            }","        }());","        // init global","        local.global = local.modeJs === 'browser'","            ? window","            : global;","        switch (local.modeJs) {","        // re-init local from window.local","        case 'browser':","            local = local.global.utility2.objectSetDefault(","                local.global.utility2_rollup || local.global.local,","                local.global.utility2","            );","            break;","        // re-init local from example.js","        case 'node':","            local = (local.global.utility2_rollup || require('utility2'))","                .requireReadme();","            break;","        }","        // export local","        local.global.local = local;","    }());","","","","    // run shared js-env code - function","    (function () {","        return;","    }());","    switch (local.modeJs) {","","","","    // run browser js-env code - function","    case 'browser':","        break;","","","","    // run node js-env code - function","    case 'node':","        break;","    }","","","","    // run shared js-env code - init-after","    (function () {","        return;","    }());","    switch (local.modeJs) {","","","","    // run browser js-env code - init-after","    case 'browser':","        local.testCase_browser_nullCase = local.testCase_browser_nullCase || function (","            options,","            onError","        ) {","        /*","         * this function will test browsers's null-case handling-behavior-behavior","         */","            onError(null, options);","        };","","        // run tests","        local.nop(local.modeTest &&","            document.querySelector('#testRunButton1') &&","            document.querySelector('#testRunButton1').click());","        break;","","","","    // run node js-env code - init-after","    /* istanbul ignore next */","    case 'node':","        local.testCase_buildApidoc_default = local.testCase_buildApidoc_default || function (","            options,","            onError","        ) {","        /*","         * this function will test buildApidoc's default handling-behavior-behavior","         */","            options = { modulePathList: module.paths };","            local.buildApidoc(options, onError);","        };","","        local.testCase_buildApp_default = local.testCase_buildApp_default || function (","            options,","            onError","        ) {","        /*","         * this function will test buildApp's default handling-behavior-behavior","         */","            local.testCase_buildReadme_default(options, local.onErrorThrow);","            local.testCase_buildLib_default(options, local.onErrorThrow);","            local.testCase_buildTest_default(options, local.onErrorThrow);","            local.testCase_buildCustomOrg_default(options, local.onErrorThrow);","            options = [];","            local.buildApp(options, onError);","        };","","        local.testCase_buildCustomOrg_default = local.testCase_buildCustomOrg_default ||","            function (options, onError) {","            /*","             * this function will test buildCustomOrg's default handling-behavior","             */","                options = {};","                local.buildCustomOrg(options, onError);","            };","","        local.testCase_buildLib_default = local.testCase_buildLib_default || function (","            options,","            onError","        ) {","        /*","         * this function will test buildLib's default handling-behavior","         */","            options = {};","            local.buildLib(options, onError);","        };","","        local.testCase_buildReadme_default = local.testCase_buildReadme_default || function (","            options,","            onError","        ) {","        /*","         * this function will test buildReadme's default handling-behavior-behavior","         */","            options = {};","            local.buildReadme(options, onError);","        };","","        local.testCase_buildTest_default = local.testCase_buildTest_default || function (","            options,","            onError","        ) {","        /*","         * this function will test buildTest's default handling-behavior","         */","            options = {};","            local.buildTest(options, onError);","        };","","        local.testCase_webpage_default = local.testCase_webpage_default || function (","            options,","            onError","        ) {","        /*","         * this function will test webpage's default handling-behavior","         */","            options = { modeCoverageMerge: true, url: local.serverLocalHost + '?modeTest=1' };","            local.browserTest(options, onError);","        };","","        // run test-server","        local.testRunServer(local);","        break;","    }","}());",""],"l":{"12":2,"14":2,"19":2,"21":2,"23":2,"24":2,"25":2,"30":1,"37":2,"40":2,"43":1,"47":1,"50":1,"52":1,"55":2,"61":2,"62":2,"64":2,"70":1,"76":1,"82":2,"83":2,"85":2,"91":1,"98":1,"102":1,"105":1,"112":1,"119":1,"120":1,"123":1,"130":1,"131":1,"132":1,"133":1,"134":1,"135":1,"138":1,"143":2,"144":2,"147":1,"154":2,"155":2,"158":1,"165":2,"166":2,"169":1,"176":2,"177":2,"180":1,"187":1,"188":1,"192":1,"193":1}},"/home/travis/build/npmtest/node-npmtest-hackmyresume/lib.npmtest_hackmyresume.js":{"path":"/home/travis/build/npmtest/node-npmtest-hackmyresume/lib.npmtest_hackmyresume.js","s":{"1":2,"2":2,"3":2,"4":2,"5":2,"6":2,"7":2,"8":1,"9":2,"10":2,"11":2,"12":2,"13":1,"14":1,"15":1,"16":1},"b":{"1":[2,1,1,1],"2":[1,1,1,1],"3":[1,1],"4":[2,2],"5":[1,1]},"f":{"1":2,"2":2,"3":2},"fnMap":{"1":{"name":"(anonymous_1)","line":12,"loc":{"start":{"line":12,"column":1},"end":{"line":12,"column":13}}},"2":{"name":"(anonymous_2)","line":19,"loc":{"start":{"line":19,"column":5},"end":{"line":19,"column":17}}},"3":{"name":"(anonymous_3)","line":23,"loc":{"start":{"line":23,"column":24},"end":{"line":23,"column":36}}}},"statementMap":{"1":{"start":{"line":12,"column":0},"end":{"line":53,"column":5}},"2":{"start":{"line":14,"column":4},"end":{"line":14,"column":14}},"3":{"start":{"line":19,"column":4},"end":{"line":52,"column":9}},"4":{"start":{"line":21,"column":8},"end":{"line":21,"column":19}},"5":{"start":{"line":23,"column":8},"end":{"line":35,"column":13}},"6":{"start":{"line":24,"column":12},"end":{"line":34,"column":13}},"7":{"start":{"line":25,"column":16},"end":{"line":28,"column":30}},"8":{"start":{"line":30,"column":16},"end":{"line":33,"column":27}},"9":{"start":{"line":37,"column":8},"end":{"line":39,"column":21}},"10":{"start":{"line":41,"column":8},"end":{"line":41,"column":54}},"11":{"start":{"line":43,"column":8},"end":{"line":43,"column":57}},"12":{"start":{"line":45,"column":8},"end":{"line":51,"column":9}},"13":{"start":{"line":46,"column":12},"end":{"line":46,"column":63}},"14":{"start":{"line":48,"column":12},"end":{"line":48,"column":35}},"15":{"start":{"line":49,"column":12},"end":{"line":49,"column":49}},"16":{"start":{"line":50,"column":12},"end":{"line":50,"column":43}}},"branchMap":{"1":{"line":25,"type":"binary-expr","locations":[{"start":{"line":25,"column":23},"end":{"line":25,"column":62}},{"start":{"line":26,"column":20},"end":{"line":26,"column":70}},{"start":{"line":27,"column":20},"end":{"line":27,"column":71}},{"start":{"line":28,"column":20},"end":{"line":28,"column":29}}]},"2":{"line":30,"type":"binary-expr","locations":[{"start":{"line":30,"column":23},"end":{"line":30,"column":37}},{"start":{"line":31,"column":20},"end":{"line":31,"column":61}},{"start":{"line":32,"column":20},"end":{"line":32,"column":70}},{"start":{"line":33,"column":20},"end":{"line":33,"column":26}}]},"3":{"line":37,"type":"cond-expr","locations":[{"start":{"line":38,"column":14},"end":{"line":38,"column":20}},{"start":{"line":39,"column":14},"end":{"line":39,"column":20}}]},"4":{"line":41,"type":"binary-expr","locations":[{"start":{"line":41,"column":16},"end":{"line":41,"column":44}},{"start":{"line":41,"column":48},"end":{"line":41,"column":53}}]},"5":{"line":45,"type":"if","locations":[{"start":{"line":45,"column":8},"end":{"line":45,"column":8}},{"start":{"line":45,"column":8},"end":{"line":45,"column":8}}]}},"code":["/* istanbul instrument in package npmtest_hackmyresume */","/*jslint","    bitwise: true,","    browser: true,","    maxerr: 8,","    maxlen: 96,","    node: true,","    nomen: true,","    regexp: true,","    stupid: true","*/","(function () {","    'use strict';","    var local;","","","","    // run shared js-env code - init-before","    (function () {","        // init local","        local = {};","        // init modeJs","        local.modeJs = (function () {","            try {","                return typeof navigator.userAgent === 'string' &&","                    typeof document.querySelector('body') === 'object' &&","                    typeof XMLHttpRequest.prototype.open === 'function' &&","                    'browser';","            } catch (errorCaughtBrowser) {","                return module.exports &&","                    typeof process.versions.node === 'string' &&","                    typeof require('http').createServer === 'function' &&","                    'node';","            }","        }());","        // init global","        local.global = local.modeJs === 'browser'","            ? window","            : global;","        // init utility2_rollup","        local = local.global.utility2_rollup || local;","        // init lib","        local.local = local.npmtest_hackmyresume = local;","        // init exports","        if (local.modeJs === 'browser') {","            local.global.utility2_npmtest_hackmyresume = local;","        } else {","            module.exports = local;","            module.exports.__dirname = __dirname;","            module.exports.module = module;","        }","    }());","}());",""],"l":{"12":2,"14":2,"19":2,"21":2,"23":2,"24":2,"25":2,"30":1,"37":2,"41":2,"43":2,"45":2,"46":1,"48":1,"49":1,"50":1}},"/home/travis/build/npmtest/node-npmtest-hackmyresume/example.js":{"path":"/home/travis/build/npmtest/node-npmtest-hackmyresume/example.js","s":{"1":2,"2":2,"3":2,"4":2,"5":2,"6":2,"7":2,"8":1,"9":2,"10":2,"11":2,"12":2,"13":1,"14":2,"15":2,"16":2,"17":2,"18":2,"19":0,"20":2,"21":1,"22":1,"23":1,"24":1,"25":1,"26":0,"27":0,"28":1,"29":1,"30":2,"31":0,"32":0,"33":0,"34":1,"35":2,"36":2,"37":3,"38":3,"39":3,"40":3,"41":0,"42":3,"43":3,"44":3,"45":1,"46":3,"47":1,"48":1,"49":1,"50":1,"51":1,"52":1,"53":1,"54":1,"55":1,"56":1,"57":0,"58":1,"59":6,"60":6,"61":1,"62":2,"63":0,"64":2,"65":1,"66":1,"67":0,"68":0,"69":0,"70":0,"71":0,"72":0,"73":0,"74":0,"75":0,"76":0,"77":0,"78":0,"79":0,"80":0,"81":0,"82":0,"83":0},"b":{"1":[2,1,1,1],"2":[1,1,1,1],"3":[1,1],"4":[2,2],"5":[1,1],"6":[1,1],"7":[2,0],"8":[2,1,1,1,1,1],"9":[0,2,0],"10":[1,1],"11":[2,1,1],"12":[1,0],"13":[0,2],"14":[2,0,0,0,0,0,0],"15":[0,3],"16":[3,0],"17":[1,1],"18":[0,1],"19":[1,2,0,2],"20":[1,0],"21":[1,1],"22":[0,0],"23":[0,0],"24":[0,0],"25":[0,0],"26":[0,0],"27":[0,0],"28":[0,0]},"f":{"1":2,"2":2,"3":2,"4":2,"5":2,"6":2,"7":3,"8":3,"9":3,"10":1,"11":6,"12":0},"fnMap":{"1":{"name":"(anonymous_1)","line":26,"loc":{"start":{"line":26,"column":1},"end":{"line":26,"column":13}}},"2":{"name":"(anonymous_2)","line":33,"loc":{"start":{"line":33,"column":5},"end":{"line":33,"column":17}}},"3":{"name":"(anonymous_3)","line":37,"loc":{"start":{"line":37,"column":24},"end":{"line":37,"column":36}}},"4":{"name":"(anonymous_4)","line":69,"loc":{"start":{"line":69,"column":31},"end":{"line":69,"column":48}},"skip":true},"5":{"name":"(anonymous_5)","line":78,"loc":{"start":{"line":78,"column":26},"end":{"line":78,"column":45}},"skip":true},"6":{"name":"(anonymous_6)","line":123,"loc":{"start":{"line":123,"column":33},"end":{"line":123,"column":48}},"skip":true},"7":{"name":"(anonymous_7)","line":125,"loc":{"start":{"line":125,"column":27},"end":{"line":125,"column":39}},"skip":true},"8":{"name":"(anonymous_8)","line":133,"loc":{"start":{"line":133,"column":59},"end":{"line":133,"column":74}},"skip":true},"9":{"name":"(anonymous_9)","line":143,"loc":{"start":{"line":143,"column":45},"end":{"line":143,"column":62}},"skip":true},"10":{"name":"(anonymous_10)","line":144,"loc":{"start":{"line":144,"column":73},"end":{"line":144,"column":92}},"skip":true},"11":{"name":"(anonymous_11)","line":272,"loc":{"start":{"line":272,"column":51},"end":{"line":272,"column":77}},"skip":true},"12":{"name":"(anonymous_12)","line":315,"loc":{"start":{"line":315,"column":32},"end":{"line":315,"column":61}},"skip":true}},"statementMap":{"1":{"start":{"line":26,"column":0},"end":{"line":326,"column":5}},"2":{"start":{"line":28,"column":4},"end":{"line":28,"column":14}},"3":{"start":{"line":33,"column":4},"end":{"line":60,"column":9}},"4":{"start":{"line":35,"column":8},"end":{"line":35,"column":19}},"5":{"start":{"line":37,"column":8},"end":{"line":49,"column":13}},"6":{"start":{"line":38,"column":12},"end":{"line":48,"column":13}},"7":{"start":{"line":39,"column":16},"end":{"line":42,"column":30}},"8":{"start":{"line":44,"column":16},"end":{"line":47,"column":27}},"9":{"start":{"line":51,"column":8},"end":{"line":53,"column":21}},"10":{"start":{"line":55,"column":8},"end":{"line":57,"column":45}},"11":{"start":{"line":59,"column":8},"end":{"line":59,"column":35}},"12":{"start":{"line":61,"column":4},"end":{"line":325,"column":5}},"13":{"start":{"line":69,"column":8},"end":{"line":121,"column":10},"skip":true},"14":{"start":{"line":70,"column":12},"end":{"line":88,"column":13},"skip":true},"15":{"start":{"line":76,"column":16},"end":{"line":87,"column":19},"skip":true},"16":{"start":{"line":79,"column":20},"end":{"line":86,"column":21},"skip":true},"17":{"start":{"line":82,"column":24},"end":{"line":82,"column":43},"skip":true},"18":{"start":{"line":83,"column":24},"end":{"line":83,"column":30},"skip":true},"19":{"start":{"line":85,"column":24},"end":{"line":85,"column":49},"skip":true},"20":{"start":{"line":89,"column":12},"end":{"line":107,"column":13},"skip":true},"21":{"start":{"line":92,"column":16},"end":{"line":102,"column":17},"skip":true},"22":{"start":{"line":93,"column":20},"end":{"line":93,"column":86},"skip":true},"23":{"start":{"line":94,"column":20},"end":{"line":95,"column":45},"skip":true},"24":{"start":{"line":96,"column":20},"end":{"line":96,"column":42},"skip":true},"25":{"start":{"line":97,"column":20},"end":{"line":97,"column":48},"skip":true},"26":{"start":{"line":100,"column":20},"end":{"line":100,"column":85},"skip":true},"27":{"start":{"line":101,"column":20},"end":{"line":101,"column":96},"skip":true},"28":{"start":{"line":103,"column":16},"end":{"line":103,"column":22},"skip":true},"29":{"start":{"line":106,"column":16},"end":{"line":106,"column":22},"skip":true},"30":{"start":{"line":108,"column":12},"end":{"line":120,"column":13},"skip":true},"31":{"start":{"line":114,"column":16},"end":{"line":119,"column":17},"skip":true},"32":{"start":{"line":116,"column":20},"end":{"line":116,"column":78},"skip":true},"33":{"start":{"line":118,"column":20},"end":{"line":118,"column":47},"skip":true},"34":{"start":{"line":123,"column":8},"end":{"line":141,"column":11},"skip":true},"35":{"start":{"line":124,"column":12},"end":{"line":124,"column":54},"skip":true},"36":{"start":{"line":125,"column":12},"end":{"line":140,"column":14},"skip":true},"37":{"start":{"line":126,"column":16},"end":{"line":126,"column":28},"skip":true},"38":{"start":{"line":127,"column":16},"end":{"line":127,"column":69},"skip":true},"39":{"start":{"line":128,"column":16},"end":{"line":128,"column":75},"skip":true},"40":{"start":{"line":129,"column":16},"end":{"line":131,"column":17},"skip":true},"41":{"start":{"line":130,"column":20},"end":{"line":130,"column":27},"skip":true},"42":{"start":{"line":133,"column":16},"end":{"line":137,"column":36},"skip":true},"43":{"start":{"line":134,"column":20},"end":{"line":136,"column":55},"skip":true},"44":{"start":{"line":139,"column":16},"end":{"line":139,"column":57},"skip":true},"45":{"start":{"line":143,"column":8},"end":{"line":147,"column":11},"skip":true},"46":{"start":{"line":144,"column":12},"end":{"line":146,"column":15},"skip":true},"47":{"start":{"line":145,"column":16},"end":{"line":145,"column":70},"skip":true},"48":{"start":{"line":149,"column":8},"end":{"line":149,"column":31},"skip":true},"49":{"start":{"line":150,"column":8},"end":{"line":150,"column":14},"skip":true},"50":{"start":{"line":158,"column":8},"end":{"line":158,"column":31},"skip":true},"51":{"start":{"line":160,"column":8},"end":{"line":160,"column":33},"skip":true},"52":{"start":{"line":161,"column":8},"end":{"line":161,"column":37},"skip":true},"53":{"start":{"line":162,"column":8},"end":{"line":162,"column":35},"skip":true},"54":{"start":{"line":164,"column":8},"end":{"line":164,"column":50},"skip":true},"55":{"start":{"line":166,"column":8},"end":{"line":256,"column":2},"skip":true},"56":{"start":{"line":258,"column":8},"end":{"line":286,"column":9},"skip":true},"57":{"start":{"line":259,"column":12},"end":{"line":269,"column":14},"skip":true},"58":{"start":{"line":271,"column":12},"end":{"line":285,"column":19},"skip":true},"59":{"start":{"line":274,"column":20},"end":{"line":274,"column":35},"skip":true},"60":{"start":{"line":275,"column":20},"end":{"line":284,"column":21},"skip":true},"61":{"start":{"line":277,"column":24},"end":{"line":277,"column":64},"skip":true},"62":{"start":{"line":279,"column":24},"end":{"line":279,"column":40},"skip":true},"63":{"start":{"line":281,"column":24},"end":{"line":281,"column":40},"skip":true},"64":{"start":{"line":283,"column":24},"end":{"line":283,"column":39},"skip":true},"65":{"start":{"line":288,"column":8},"end":{"line":290,"column":9},"skip":true},"66":{"start":{"line":289,"column":12},"end":{"line":289,"column":18},"skip":true},"67":{"start":{"line":291,"column":8},"end":{"line":293,"column":54},"skip":true},"68":{"start":{"line":296,"column":8},"end":{"line":301,"column":37},"skip":true},"69":{"start":{"line":303,"column":8},"end":{"line":303,"column":82},"skip":true},"70":{"start":{"line":306,"column":8},"end":{"line":308,"column":9},"skip":true},"71":{"start":{"line":307,"column":12},"end":{"line":307,"column":82},"skip":true},"72":{"start":{"line":310,"column":8},"end":{"line":312,"column":9},"skip":true},"73":{"start":{"line":311,"column":12},"end":{"line":311,"column":18},"skip":true},"74":{"start":{"line":313,"column":8},"end":{"line":313,"column":54},"skip":true},"75":{"start":{"line":314,"column":8},"end":{"line":314,"column":69},"skip":true},"76":{"start":{"line":315,"column":8},"end":{"line":323,"column":36},"skip":true},"77":{"start":{"line":316,"column":12},"end":{"line":316,"column":61},"skip":true},"78":{"start":{"line":317,"column":12},"end":{"line":320,"column":13},"skip":true},"79":{"start":{"line":318,"column":16},"end":{"line":318,"column":75},"skip":true},"80":{"start":{"line":319,"column":16},"end":{"line":319,"column":23},"skip":true},"81":{"start":{"line":321,"column":12},"end":{"line":321,"column":38},"skip":true},"82":{"start":{"line":322,"column":12},"end":{"line":322,"column":27},"skip":true},"83":{"start":{"line":324,"column":8},"end":{"line":324,"column":14},"skip":true}},"branchMap":{"1":{"line":39,"type":"binary-expr","locations":[{"start":{"line":39,"column":23},"end":{"line":39,"column":62}},{"start":{"line":40,"column":20},"end":{"line":40,"column":70}},{"start":{"line":41,"column":20},"end":{"line":41,"column":71}},{"start":{"line":42,"column":20},"end":{"line":42,"column":29}}]},"2":{"line":44,"type":"binary-expr","locations":[{"start":{"line":44,"column":23},"end":{"line":44,"column":37}},{"start":{"line":45,"column":20},"end":{"line":45,"column":61}},{"start":{"line":46,"column":20},"end":{"line":46,"column":70}},{"start":{"line":47,"column":20},"end":{"line":47,"column":26}}]},"3":{"line":51,"type":"cond-expr","locations":[{"start":{"line":52,"column":14},"end":{"line":52,"column":20}},{"start":{"line":53,"column":14},"end":{"line":53,"column":20}}]},"4":{"line":55,"type":"binary-expr","locations":[{"start":{"line":55,"column":16},"end":{"line":55,"column":44}},{"start":{"line":55,"column":49},"end":{"line":57,"column":43}}]},"5":{"line":55,"type":"cond-expr","locations":[{"start":{"line":56,"column":14},"end":{"line":56,"column":56}},{"start":{"line":57,"column":14},"end":{"line":57,"column":43}}]},"6":{"line":61,"type":"switch","locations":[{"start":{"line":68,"column":4},"end":{"line":150,"column":14},"skip":true},{"start":{"line":156,"column":4},"end":{"line":324,"column":14},"skip":true}]},"7":{"line":70,"type":"if","locations":[{"start":{"line":70,"column":12},"end":{"line":70,"column":12},"skip":true},{"start":{"line":70,"column":12},"end":{"line":70,"column":12},"skip":true}]},"8":{"line":70,"type":"binary-expr","locations":[{"start":{"line":70,"column":16},"end":{"line":70,"column":22},"skip":true},{"start":{"line":70,"column":27},"end":{"line":70,"column":32},"skip":true},{"start":{"line":71,"column":20},"end":{"line":71,"column":39},"skip":true},{"start":{"line":72,"column":20},"end":{"line":72,"column":49},"skip":true},{"start":{"line":73,"column":20},"end":{"line":73,"column":58},"skip":true},{"start":{"line":74,"column":20},"end":{"line":74,"column":69},"skip":true}]},"9":{"line":79,"type":"switch","locations":[{"start":{"line":80,"column":20},"end":{"line":80,"column":33},"skip":true},{"start":{"line":81,"column":20},"end":{"line":83,"column":30},"skip":true},{"start":{"line":84,"column":20},"end":{"line":85,"column":49},"skip":true}]},"10":{"line":89,"type":"switch","locations":[{"start":{"line":90,"column":12},"end":{"line":103,"column":22},"skip":true},{"start":{"line":105,"column":12},"end":{"line":106,"column":22},"skip":true}]},"11":{"line":89,"type":"binary-expr","locations":[{"start":{"line":89,"column":20},"end":{"line":89,"column":25},"skip":true},{"start":{"line":89,"column":29},"end":{"line":89,"column":48},"skip":true},{"start":{"line":89,"column":52},"end":{"line":89,"column":74},"skip":true}]},"12":{"line":92,"type":"if","locations":[{"start":{"line":92,"column":16},"end":{"line":92,"column":16},"skip":true},{"start":{"line":92,"column":16},"end":{"line":92,"column":16},"skip":true}]},"13":{"line":108,"type":"if","locations":[{"start":{"line":108,"column":12},"end":{"line":108,"column":12},"skip":true},{"start":{"line":108,"column":12},"end":{"line":108,"column":12},"skip":true}]},"14":{"line":108,"type":"binary-expr","locations":[{"start":{"line":108,"column":16},"end":{"line":108,"column":61},"skip":true},{"start":{"line":108,"column":66},"end":{"line":108,"column":72},"skip":true},{"start":{"line":108,"column":77},"end":{"line":108,"column":82},"skip":true},{"start":{"line":109,"column":20},"end":{"line":109,"column":39},"skip":true},{"start":{"line":110,"column":20},"end":{"line":110,"column":49},"skip":true},{"start":{"line":111,"column":20},"end":{"line":111,"column":58},"skip":true},{"start":{"line":112,"column":20},"end":{"line":112,"column":68},"skip":true}]},"15":{"line":129,"type":"if","locations":[{"start":{"line":129,"column":16},"end":{"line":129,"column":16},"skip":true},{"start":{"line":129,"column":16},"end":{"line":129,"column":16},"skip":true}]},"16":{"line":134,"type":"cond-expr","locations":[{"start":{"line":135,"column":26},"end":{"line":135,"column":29},"skip":true},{"start":{"line":136,"column":26},"end":{"line":136,"column":54},"skip":true}]},"17":{"line":164,"type":"binary-expr","locations":[{"start":{"line":164,"column":27},"end":{"line":164,"column":43},"skip":true},{"start":{"line":164,"column":47},"end":{"line":164,"column":49},"skip":true}]},"18":{"line":258,"type":"if","locations":[{"start":{"line":258,"column":8},"end":{"line":258,"column":8},"skip":true},{"start":{"line":258,"column":8},"end":{"line":258,"column":8},"skip":true}]},"19":{"line":275,"type":"switch","locations":[{"start":{"line":276,"column":20},"end":{"line":277,"column":64},"skip":true},{"start":{"line":278,"column":20},"end":{"line":279,"column":40},"skip":true},{"start":{"line":280,"column":20},"end":{"line":281,"column":40},"skip":true},{"start":{"line":282,"column":20},"end":{"line":283,"column":39},"skip":true}]},"20":{"line":288,"type":"if","locations":[{"start":{"line":288,"column":8},"end":{"line":288,"column":8},"skip":true},{"start":{"line":288,"column":8},"end":{"line":288,"column":8},"skip":true}]},"21":{"line":288,"type":"binary-expr","locations":[{"start":{"line":288,"column":12},"end":{"line":288,"column":40},"skip":true},{"start":{"line":288,"column":44},"end":{"line":288,"column":67},"skip":true}]},"22":{"line":292,"type":"binary-expr","locations":[{"start":{"line":292,"column":12},"end":{"line":292,"column":50},"skip":true},{"start":{"line":293,"column":12},"end":{"line":293,"column":53},"skip":true}]},"23":{"line":297,"type":"binary-expr","locations":[{"start":{"line":297,"column":12},"end":{"line":297,"column":70},"skip":true},{"start":{"line":298,"column":12},"end":{"line":301,"column":36},"skip":true}]},"24":{"line":303,"type":"binary-expr","locations":[{"start":{"line":303,"column":43},"end":{"line":303,"column":75},"skip":true},{"start":{"line":303,"column":79},"end":{"line":303,"column":81},"skip":true}]},"25":{"line":306,"type":"if","locations":[{"start":{"line":306,"column":8},"end":{"line":306,"column":8},"skip":true},{"start":{"line":306,"column":8},"end":{"line":306,"column":8},"skip":true}]},"26":{"line":310,"type":"if","locations":[{"start":{"line":310,"column":8},"end":{"line":310,"column":8},"skip":true},{"start":{"line":310,"column":8},"end":{"line":310,"column":8},"skip":true}]},"27":{"line":313,"type":"binary-expr","locations":[{"start":{"line":313,"column":27},"end":{"line":313,"column":43},"skip":true},{"start":{"line":313,"column":47},"end":{"line":313,"column":53},"skip":true}]},"28":{"line":317,"type":"if","locations":[{"start":{"line":317,"column":12},"end":{"line":317,"column":12},"skip":true},{"start":{"line":317,"column":12},"end":{"line":317,"column":12},"skip":true}]}},"code":["/*","example.js","","quickstart example","","instruction","    1. save this script as example.js","    2. run the shell command:","        $ npm install npmtest-hackmyresume && PORT=8081 node example.js","    3. play with the browser-demo on http://127.0.0.1:8081","*/","","","","/* istanbul instrument in package npmtest_hackmyresume */","/*jslint","    bitwise: true,","    browser: true,","    maxerr: 8,","    maxlen: 96,","    node: true,","    nomen: true,","    regexp: true,","    stupid: true","*/","(function () {","    'use strict';","    var local;","","","","    // run shared js-env code - init-before","    (function () {","        // init local","        local = {};","        // init modeJs","        local.modeJs = (function () {","            try {","                return typeof navigator.userAgent === 'string' &&","                    typeof document.querySelector('body') === 'object' &&","                    typeof XMLHttpRequest.prototype.open === 'function' &&","                    'browser';","            } catch (errorCaughtBrowser) {","                return module.exports &&","                    typeof process.versions.node === 'string' &&","                    typeof require('http').createServer === 'function' &&","                    'node';","            }","        }());","        // init global","        local.global = local.modeJs === 'browser'","            ? window","            : global;","        // init utility2_rollup","        local = local.global.utility2_rollup || (local.modeJs === 'browser'","            ? local.global.utility2_npmtest_hackmyresume","            : global.utility2_moduleExports);","        // export local","        local.global.local = local;","    }());","    switch (local.modeJs) {","","","","    // init-after","    // run browser js-env code - init-after","    /* istanbul ignore next */","    case 'browser':","        local.testRunBrowser = function (event) {","            if (!event || (event &&","                    event.currentTarget &&","                    event.currentTarget.className &&","                    event.currentTarget.className.includes &&","                    event.currentTarget.className.includes('onreset'))) {","                // reset output","                Array.from(","                    document.querySelectorAll('body > .resettable')","                ).forEach(function (element) {","                    switch (element.tagName) {","                    case 'INPUT':","                    case 'TEXTAREA':","                        element.value = '';","                        break;","                    default:","                        element.textContent = '';","                    }","                });","            }","            switch (event && event.currentTarget && event.currentTarget.id) {","            case 'testRunButton1':","                // show tests","                if (document.querySelector('#testReportDiv1').style.display === 'none') {","                    document.querySelector('#testReportDiv1').style.display = 'block';","                    document.querySelector('#testRunButton1').textContent =","                        'hide internal test';","                    local.modeTest = true;","                    local.testRunDefault(local);","                // hide tests","                } else {","                    document.querySelector('#testReportDiv1').style.display = 'none';","                    document.querySelector('#testRunButton1').textContent = 'run internal test';","                }","                break;","            // custom-case","            default:","                break;","            }","            if (document.querySelector('#inputTextareaEval1') && (!event || (event &&","                    event.currentTarget &&","                    event.currentTarget.className &&","                    event.currentTarget.className.includes &&","                    event.currentTarget.className.includes('oneval')))) {","                // try to eval input-code","                try {","                    /*jslint evil: true*/","                    eval(document.querySelector('#inputTextareaEval1').value);","                } catch (errorCaught) {","                    console.error(errorCaught);","                }","            }","        };","        // log stderr and stdout to #outputTextareaStdout1","        ['error', 'log'].forEach(function (key) {","            console[key + '_original'] = console[key];","            console[key] = function () {","                var element;","                console[key + '_original'].apply(console, arguments);","                element = document.querySelector('#outputTextareaStdout1');","                if (!element) {","                    return;","                }","                // append text to #outputTextareaStdout1","                element.value += Array.from(arguments).map(function (arg) {","                    return typeof arg === 'string'","                        ? arg","                        : JSON.stringify(arg, null, 4);","                }).join(' ') + '\\n';","                // scroll textarea to bottom","                element.scrollTop = element.scrollHeight;","            };","        });","        // init event-handling","        ['change', 'click', 'keyup'].forEach(function (event) {","            Array.from(document.querySelectorAll('.on' + event)).forEach(function (element) {","                element.addEventListener(event, local.testRunBrowser);","            });","        });","        // run tests","        local.testRunBrowser();","        break;","","","","    // run node js-env code - init-after","    /* istanbul ignore next */","    case 'node':","        // export local","        module.exports = local;","        // require modules","        local.fs = require('fs');","        local.http = require('http');","        local.url = require('url');","        // init assets","        local.assetsDict = local.assetsDict || {};","        /* jslint-ignore-begin */","        local.assetsDict['/assets.index.template.html'] = '\\","<!doctype html>\\n\\","<html lang=\"en\">\\n\\","<head>\\n\\","<meta charset=\"UTF-8\">\\n\\","<meta name=\"viewport\" content=\"width=device-width, initial-scale=1\">\\n\\","<title>{{env.npm_package_name}} (v{{env.npm_package_version}})</title>\\n\\","<style>\\n\\","/*csslint\\n\\","    box-sizing: false,\\n\\","    universal-selector: false\\n\\","*/\\n\\","* {\\n\\","    box-sizing: border-box;\\n\\","}\\n\\","body {\\n\\","    background: #dde;\\n\\","    font-family: Arial, Helvetica, sans-serif;\\n\\","    margin: 2rem;\\n\\","}\\n\\","body > * {\\n\\","    margin-bottom: 1rem;\\n\\","}\\n\\",".utility2FooterDiv {\\n\\","    margin-top: 20px;\\n\\","    text-align: center;\\n\\","}\\n\\","</style>\\n\\","<style>\\n\\","/*csslint\\n\\","*/\\n\\","textarea {\\n\\","    font-family: monospace;\\n\\","    height: 10rem;\\n\\","    width: 100%;\\n\\","}\\n\\","textarea[readonly] {\\n\\","    background: #ddd;\\n\\","}\\n\\","</style>\\n\\","</head>\\n\\","<body>\\n\\","<!-- utility2-comment\\n\\","<div id=\"ajaxProgressDiv1\" style=\"background: #d00; height: 2px; left: 0; margin: 0; padding: 0; position: fixed; top: 0; transition: background 0.5s, width 1.5s; width: 25%;\"></div>\\n\\","utility2-comment -->\\n\\","<h1>\\n\\","<!-- utility2-comment\\n\\","    <a\\n\\","        {{#if env.npm_package_homepage}}\\n\\","        href=\"{{env.npm_package_homepage}}\"\\n\\","        {{/if env.npm_package_homepage}}\\n\\","        target=\"_blank\"\\n\\","    >\\n\\","utility2-comment -->\\n\\","        {{env.npm_package_name}} (v{{env.npm_package_version}})\\n\\","<!-- utility2-comment\\n\\","    </a>\\n\\","utility2-comment -->\\n\\","</h1>\\n\\","<h3>{{env.npm_package_description}}</h3>\\n\\","<!-- utility2-comment\\n\\","<h4><a download href=\"assets.app.js\">download standalone app</a></h4>\\n\\","<button class=\"onclick onreset\" id=\"testRunButton1\">run internal test</button><br>\\n\\","<div id=\"testReportDiv1\" style=\"display: none;\"></div>\\n\\","utility2-comment -->\\n\\","\\n\\","\\n\\","\\n\\","<label>stderr and stdout</label>\\n\\","<textarea class=\"resettable\" id=\"outputTextareaStdout1\" readonly></textarea>\\n\\","<!-- utility2-comment\\n\\","{{#if isRollup}}\\n\\","<script src=\"assets.app.js\"></script>\\n\\","{{#unless isRollup}}\\n\\","utility2-comment -->\\n\\","<script src=\"assets.utility2.rollup.js\"></script>\\n\\","<script src=\"jsonp.utility2._stateInit?callback=window.utility2._stateInit\"></script>\\n\\","<script src=\"assets.npmtest_hackmyresume.rollup.js\"></script>\\n\\","<script src=\"assets.example.js\"></script>\\n\\","<script src=\"assets.test.js\"></script>\\n\\","<!-- utility2-comment\\n\\","{{/if isRollup}}\\n\\","utility2-comment -->\\n\\","<div class=\"utility2FooterDiv\">\\n\\","    [ this app was created with\\n\\","    <a href=\"https://github.com/kaizhu256/node-utility2\" target=\"_blank\">utility2</a>\\n\\","    ]\\n\\","</div>\\n\\","</body>\\n\\","</html>\\n\\","';","        /* jslint-ignore-end */","        if (local.templateRender) {","            local.assetsDict['/'] = local.templateRender(","                local.assetsDict['/assets.index.template.html'],","                {","                    env: local.objectSetDefault(local.env, {","                        npm_package_description: 'the greatest app in the world!',","                        npm_package_name: 'my-app',","                        npm_package_nameAlias: 'my_app',","                        npm_package_version: '0.0.1'","                    })","                }","            );","        } else {","            local.assetsDict['/'] = local.assetsDict['/assets.index.template.html']","                .replace((/\\{\\{env\\.(\\w+?)\\}\\}/g), function (match0, match1) {","                    // jslint-hack","                    String(match0);","                    switch (match1) {","                    case 'npm_package_description':","                        return 'the greatest app in the world!';","                    case 'npm_package_name':","                        return 'my-app';","                    case 'npm_package_nameAlias':","                        return 'my_app';","                    case 'npm_package_version':","                        return '0.0.1';","                    }","                });","        }","        // run the cli","        if (local.global.utility2_rollup || module !== require.main) {","            break;","        }","        local.assetsDict['/assets.example.js'] =","            local.assetsDict['/assets.example.js'] ||","            local.fs.readFileSync(__filename, 'utf8');","        // bug-workaround - long $npm_package_buildCustomOrg","        /* jslint-ignore-begin */","        local.assetsDict['/assets.npmtest_hackmyresume.rollup.js'] =","            local.assetsDict['/assets.npmtest_hackmyresume.rollup.js'] ||","            local.fs.readFileSync(","                local.npmtest_hackmyresume.__dirname + '/lib.npmtest_hackmyresume.js',","                'utf8'","            ).replace((/^#!/), '//');","        /* jslint-ignore-end */","        local.assetsDict['/favicon.ico'] = local.assetsDict['/favicon.ico'] || '';","        // if $npm_config_timeout_exit exists,","        // then exit this process after $npm_config_timeout_exit ms","        if (Number(process.env.npm_config_timeout_exit)) {","            setTimeout(process.exit, Number(process.env.npm_config_timeout_exit));","        }","        // start server","        if (local.global.utility2_serverHttp1) {","            break;","        }","        process.env.PORT = process.env.PORT || '8081';","        console.error('server starting on port ' + process.env.PORT);","        local.http.createServer(function (request, response) {","            request.urlParsed = local.url.parse(request.url);","            if (local.assetsDict[request.urlParsed.pathname] !== undefined) {","                response.end(local.assetsDict[request.urlParsed.pathname]);","                return;","            }","            response.statusCode = 404;","            response.end();","        }).listen(process.env.PORT);","        break;","    }","}());",""],"l":{"26":2,"28":2,"33":2,"35":2,"37":2,"38":2,"39":2,"44":1,"51":2,"55":2,"59":2,"61":2,"69":1,"70":2,"76":2,"79":2,"82":2,"83":2,"85":1,"89":2,"92":1,"93":1,"94":1,"96":1,"97":1,"100":1,"101":1,"103":1,"106":1,"108":2,"114":1,"116":1,"118":1,"123":1,"124":2,"125":2,"126":3,"127":3,"128":3,"129":3,"130":1,"133":3,"134":3,"139":3,"143":1,"144":3,"145":1,"149":1,"150":1,"158":1,"160":1,"161":1,"162":1,"164":1,"166":1,"258":1,"259":1,"271":1,"274":6,"275":6,"277":1,"279":2,"281":1,"283":2,"288":1,"289":1,"291":1,"296":1,"303":1,"306":1,"307":1,"310":1,"311":1,"313":1,"314":1,"315":1,"316":1,"317":1,"318":1,"319":1,"321":1,"322":1,"324":1}},"/home/travis/build/npmtest/node-npmtest-hackmyresume/node_modules/hackmyresume/dist/index.js":{"path":"/home/travis/build/npmtest/node-npmtest-hackmyresume/node_modules/hackmyresume/dist/index.js","s":{"1":1,"2":1},"b":{},"f":{"1":1},"fnMap":{"1":{"name":"(anonymous_1)","line":11,"loc":{"start":{"line":11,"column":1},"end":{"line":11,"column":12}}}},"statementMap":{"1":{"start":{"line":11,"column":0},"end":{"line":46,"column":14}},"2":{"start":{"line":12,"column":2},"end":{"line":44,"column":4}}},"branchMap":{},"code":["","/**","External API surface for HackMyResume.","@license MIT. See LICENSE.md for details.","@module hackmycore/index"," */","","","/** API facade for HackMyResume. */","","(function() {","  module.exports = {","    verbs: {","      build: require('./verbs/build'),","      analyze: require('./verbs/analyze'),","      validate: require('./verbs/validate'),","      convert: require('./verbs/convert'),","      \"new\": require('./verbs/create'),","      peek: require('./verbs/peek')","    },","    alias: {","      generate: require('./verbs/build'),","      create: require('./verbs/create')","    },","    options: require('./core/default-options'),","    formats: require('./core/default-formats'),","    Sheet: require('./core/fresh-resume'),","    FRESHResume: require('./core/fresh-resume'),","    JRSResume: require('./core/jrs-resume'),","    FRESHTheme: require('./core/fresh-theme'),","    JRSTheme: require('./core/jrs-theme'),","    ResumeFactory: require('./core/resume-factory'),","    FluentDate: require('./core/fluent-date'),","    HtmlGenerator: require('./generators/html-generator'),","    TextGenerator: require('./generators/text-generator'),","    HtmlPdfCliGenerator: require('./generators/html-pdf-cli-generator'),","    WordGenerator: require('./generators/word-generator'),","    MarkdownGenerator: require('./generators/markdown-generator'),","    JsonGenerator: require('./generators/json-generator'),","    YamlGenerator: require('./generators/yaml-generator'),","    JsonYamlGenerator: require('./generators/json-yaml-generator'),","    LaTeXGenerator: require('./generators/latex-generator'),","    HtmlPngGenerator: require('./generators/html-png-generator')","  };","","}).call(this);","","//# sourceMappingURL=index.js.map",""],"l":{"11":1,"12":1}},"/home/travis/build/npmtest/node-npmtest-hackmyresume/node_modules/hackmyresume/dist/verbs/build.js":{"path":"/home/travis/build/npmtest/node-npmtest-hackmyresume/node_modules/hackmyresume/dist/verbs/build.js","s":{"1":1,"2":1,"3":1,"4":0,"5":0,"6":1,"7":1,"8":1,"9":1,"10":1,"11":1,"12":1,"13":1,"14":1,"15":1,"16":1,"17":1,"18":1,"19":1,"20":1,"21":1,"22":1,"23":1,"24":1,"25":1,"26":1,"27":1,"28":1,"29":1,"30":1,"31":1,"32":1,"33":1,"34":1,"35":1,"36":1,"37":1,"38":1,"39":1,"40":1,"41":1,"42":1,"43":0,"44":1,"45":1,"46":0,"47":0,"48":0,"49":0,"50":0,"51":0,"52":0,"53":0,"54":0,"55":0,"56":0,"57":0,"58":0,"59":0,"60":0,"61":0,"62":0,"63":0,"64":0,"65":0,"66":0,"67":0,"68":0,"69":0,"70":0,"71":0,"72":0,"73":0,"74":0,"75":0,"76":0,"77":0,"78":0,"79":0,"80":0,"81":0,"82":0,"83":0,"84":0,"85":0,"86":0,"87":0,"88":0,"89":0,"90":0,"91":0,"92":0,"93":0,"94":0,"95":0,"96":0,"97":0,"98":0,"99":0,"100":0,"101":0,"102":0,"103":0,"104":0,"105":0,"106":0,"107":0,"108":0,"109":0,"110":0,"111":0,"112":0,"113":0,"114":0,"115":1,"116":0,"117":0,"118":0,"119":0,"120":0,"121":0,"122":0,"123":0,"124":0,"125":0,"126":0,"127":0,"128":0,"129":0,"130":0,"131":0,"132":0,"133":0,"134":0,"135":0,"136":1,"137":0,"138":0,"139":0,"140":0,"141":0,"142":0,"143":0,"144":0,"145":0,"146":0,"147":0,"148":0,"149":0,"150":0,"151":0,"152":0,"153":0,"154":0,"155":0,"156":0,"157":0,"158":0,"159":0,"160":0,"161":0,"162":0,"163":0,"164":0,"165":0,"166":0,"167":1,"168":0,"169":0,"170":0,"171":0,"172":0,"173":0,"174":1,"175":0,"176":0,"177":0,"178":0,"179":1,"180":0,"181":0,"182":0,"183":0,"184":0,"185":0,"186":0,"187":0,"188":0,"189":0,"190":0,"191":0,"192":0,"193":1,"194":0,"195":0,"196":0,"197":0,"198":0,"199":0,"200":0,"201":0,"202":1,"203":0,"204":0,"205":0,"206":0},"b":{"1":[0,0],"2":[0,0],"3":[0,0],"4":[0,0],"5":[0,0],"6":[0,0],"7":[0,0],"8":[0,0],"9":[0,0],"10":[0,0],"11":[0,0],"12":[0,0],"13":[0,0],"14":[0,0],"15":[0,0],"16":[0,0],"17":[0,0],"18":[0,0],"19":[0,0],"20":[0,0],"21":[0,0],"22":[0,0,0],"23":[0,0],"24":[0,0,0,0],"25":[0,0],"26":[0,0],"27":[0,0],"28":[0,0],"29":[0,0],"30":[0,0],"31":[0,0],"32":[0,0],"33":[0,0],"34":[0,0],"35":[0,0,0,0],"36":[0,0],"37":[0,0],"38":[0,0],"39":[0,0],"40":[0,0]},"f":{"1":1,"2":1,"3":1,"4":1,"5":0,"6":0,"7":0,"8":0,"9":0,"10":0,"11":0,"12":0,"13":0,"14":0,"15":0,"16":0,"17":0,"18":0,"19":0,"20":0,"21":0,"22":0,"23":0,"24":0,"25":0,"26":0,"27":0},"fnMap":{"1":{"name":"(anonymous_1)","line":8,"loc":{"start":{"line":8,"column":1},"end":{"line":8,"column":12}}},"2":{"name":"(anonymous_2)","line":10,"loc":{"start":{"line":10,"column":14},"end":{"line":10,"column":38}}},"3":{"name":"ctor","line":10,"loc":{"start":{"line":10,"column":125},"end":{"line":10,"column":141}}},"4":{"name":"(anonymous_4)","line":75,"loc":{"start":{"line":75,"column":32},"end":{"line":75,"column":53}}},"5":{"name":"BuildVerb","line":81,"loc":{"start":{"line":81,"column":4},"end":{"line":81,"column":25}}},"6":{"name":"(anonymous_6)","line":98,"loc":{"start":{"line":98,"column":11},"end":{"line":98,"column":36}}},"7":{"name":"(anonymous_7)","line":115,"loc":{"start":{"line":115,"column":43},"end":{"line":115,"column":56}}},"8":{"name":"(anonymous_8)","line":123,"loc":{"start":{"line":123,"column":30},"end":{"line":123,"column":42}}},"9":{"name":"(anonymous_9)","line":164,"loc":{"start":{"line":164,"column":28},"end":{"line":164,"column":40}}},"10":{"name":"(anonymous_10)","line":178,"loc":{"start":{"line":178,"column":34},"end":{"line":178,"column":54}}},"11":{"name":"(anonymous_11)","line":203,"loc":{"start":{"line":203,"column":20},"end":{"line":203,"column":32}}},"12":{"name":"(anonymous_12)","line":232,"loc":{"start":{"line":232,"column":10},"end":{"line":232,"column":35}}},"13":{"name":"(anonymous_13)","line":246,"loc":{"start":{"line":246,"column":24},"end":{"line":246,"column":39}}},"14":{"name":"(anonymous_14)","line":249,"loc":{"start":{"line":249,"column":24},"end":{"line":249,"column":39}}},"15":{"name":"(anonymous_15)","line":252,"loc":{"start":{"line":252,"column":23},"end":{"line":252,"column":38}}},"16":{"name":"(anonymous_16)","line":266,"loc":{"start":{"line":266,"column":12},"end":{"line":266,"column":48}}},"17":{"name":"(anonymous_17)","line":284,"loc":{"start":{"line":284,"column":33},"end":{"line":284,"column":47}}},"18":{"name":"(anonymous_18)","line":290,"loc":{"start":{"line":290,"column":33},"end":{"line":290,"column":47}}},"19":{"name":"(anonymous_19)","line":322,"loc":{"start":{"line":322,"column":19},"end":{"line":322,"column":44}}},"20":{"name":"(anonymous_20)","line":327,"loc":{"start":{"line":327,"column":32},"end":{"line":327,"column":44}}},"21":{"name":"(anonymous_21)","line":333,"loc":{"start":{"line":333,"column":8},"end":{"line":333,"column":20}}},"22":{"name":"(anonymous_22)","line":349,"loc":{"start":{"line":349,"column":23},"end":{"line":349,"column":42}}},"23":{"name":"(anonymous_23)","line":388,"loc":{"start":{"line":388,"column":12},"end":{"line":388,"column":36}}},"24":{"name":"(anonymous_24)","line":392,"loc":{"start":{"line":392,"column":21},"end":{"line":392,"column":33}}},"25":{"name":"(anonymous_25)","line":397,"loc":{"start":{"line":397,"column":93},"end":{"line":397,"column":105}}},"26":{"name":"(anonymous_26)","line":419,"loc":{"start":{"line":419,"column":17},"end":{"line":419,"column":43}}},"27":{"name":"(anonymous_27)","line":441,"loc":{"start":{"line":441,"column":15},"end":{"line":441,"column":33}}}},"statementMap":{"1":{"start":{"line":8,"column":0},"end":{"line":448,"column":14}},"2":{"start":{"line":9,"column":2},"end":{"line":11,"column":32}},"3":{"start":{"line":10,"column":40},"end":{"line":10,"column":124}},"4":{"start":{"line":10,"column":66},"end":{"line":10,"column":122}},"5":{"start":{"line":10,"column":97},"end":{"line":10,"column":122}},"6":{"start":{"line":10,"column":125},"end":{"line":10,"column":170}},"7":{"start":{"line":10,"column":143},"end":{"line":10,"column":168}},"8":{"start":{"line":10,"column":171},"end":{"line":10,"column":205}},"9":{"start":{"line":10,"column":206},"end":{"line":10,"column":235}},"10":{"start":{"line":10,"column":236},"end":{"line":10,"column":271}},"11":{"start":{"line":10,"column":272},"end":{"line":10,"column":285}},"12":{"start":{"line":13,"column":2},"end":{"line":13,"column":28}},"13":{"start":{"line":15,"column":2},"end":{"line":15,"column":25}},"14":{"start":{"line":17,"column":2},"end":{"line":17,"column":21}},"15":{"start":{"line":19,"column":2},"end":{"line":19,"column":25}},"16":{"start":{"line":21,"column":2},"end":{"line":21,"column":29}},"17":{"start":{"line":23,"column":2},"end":{"line":23,"column":29}},"18":{"start":{"line":25,"column":2},"end":{"line":25,"column":40}},"19":{"start":{"line":27,"column":2},"end":{"line":27,"column":46}},"20":{"start":{"line":29,"column":2},"end":{"line":29,"column":45}},"21":{"start":{"line":31,"column":2},"end":{"line":31,"column":43}},"22":{"start":{"line":33,"column":2},"end":{"line":36,"column":4}},"23":{"start":{"line":38,"column":2},"end":{"line":38,"column":45}},"24":{"start":{"line":40,"column":2},"end":{"line":40,"column":46}},"25":{"start":{"line":42,"column":2},"end":{"line":42,"column":42}},"26":{"start":{"line":44,"column":2},"end":{"line":44,"column":52}},"27":{"start":{"line":46,"column":2},"end":{"line":46,"column":45}},"28":{"start":{"line":48,"column":2},"end":{"line":48,"column":34}},"29":{"start":{"line":50,"column":2},"end":{"line":50,"column":14}},"30":{"start":{"line":52,"column":2},"end":{"line":52,"column":14}},"31":{"start":{"line":54,"column":2},"end":{"line":54,"column":17}},"32":{"start":{"line":56,"column":2},"end":{"line":56,"column":15}},"33":{"start":{"line":58,"column":2},"end":{"line":58,"column":14}},"34":{"start":{"line":60,"column":2},"end":{"line":60,"column":16}},"35":{"start":{"line":62,"column":2},"end":{"line":62,"column":23}},"36":{"start":{"line":64,"column":2},"end":{"line":64,"column":27}},"37":{"start":{"line":66,"column":2},"end":{"line":66,"column":16}},"38":{"start":{"line":68,"column":2},"end":{"line":68,"column":21}},"39":{"start":{"line":70,"column":2},"end":{"line":70,"column":19}},"40":{"start":{"line":75,"column":2},"end":{"line":87,"column":11}},"41":{"start":{"line":76,"column":4},"end":{"line":76,"column":35}},"42":{"start":{"line":81,"column":4},"end":{"line":83,"column":5}},"43":{"start":{"line":82,"column":6},"end":{"line":82,"column":66}},"44":{"start":{"line":85,"column":4},"end":{"line":85,"column":21}},"45":{"start":{"line":98,"column":2},"end":{"line":225,"column":4}},"46":{"start":{"line":99,"column":4},"end":{"line":99,"column":132}},"47":{"start":{"line":100,"column":4},"end":{"line":105,"column":5}},"48":{"start":{"line":101,"column":6},"end":{"line":103,"column":9}},"49":{"start":{"line":104,"column":6},"end":{"line":104,"column":18}},"50":{"start":{"line":106,"column":4},"end":{"line":106,"column":37}},"51":{"start":{"line":107,"column":4},"end":{"line":114,"column":13}},"52":{"start":{"line":115,"column":4},"end":{"line":117,"column":7}},"53":{"start":{"line":116,"column":6},"end":{"line":116,"column":28}},"54":{"start":{"line":118,"column":4},"end":{"line":122,"column":5}},"55":{"start":{"line":119,"column":6},"end":{"line":119,"column":35}},"56":{"start":{"line":120,"column":6},"end":{"line":120,"column":63}},"57":{"start":{"line":121,"column":6},"end":{"line":121,"column":18}},"58":{"start":{"line":123,"column":4},"end":{"line":125,"column":7}},"59":{"start":{"line":124,"column":6},"end":{"line":124,"column":20}},"60":{"start":{"line":126,"column":4},"end":{"line":126,"column":17}},"61":{"start":{"line":127,"column":4},"end":{"line":129,"column":7}},"62":{"start":{"line":130,"column":4},"end":{"line":148,"column":5}},"63":{"start":{"line":131,"column":6},"end":{"line":131,"column":53}},"64":{"start":{"line":132,"column":6},"end":{"line":136,"column":7}},"65":{"start":{"line":133,"column":8},"end":{"line":133,"column":28}},"66":{"start":{"line":134,"column":8},"end":{"line":134,"column":47}},"67":{"start":{"line":135,"column":8},"end":{"line":135,"column":15}},"68":{"start":{"line":137,"column":6},"end":{"line":137,"column":51}},"69":{"start":{"line":138,"column":6},"end":{"line":138,"column":32}},"70":{"start":{"line":140,"column":6},"end":{"line":145,"column":8}},"71":{"start":{"line":146,"column":6},"end":{"line":146,"column":42}},"72":{"start":{"line":147,"column":6},"end":{"line":147,"column":18}},"73":{"start":{"line":149,"column":4},"end":{"line":151,"column":7}},"74":{"start":{"line":152,"column":4},"end":{"line":152,"column":48}},"75":{"start":{"line":153,"column":4},"end":{"line":160,"column":5}},"76":{"start":{"line":154,"column":6},"end":{"line":158,"column":9}},"77":{"start":{"line":159,"column":6},"end":{"line":159,"column":18}},"78":{"start":{"line":161,"column":4},"end":{"line":161,"column":15}},"79":{"start":{"line":162,"column":4},"end":{"line":186,"column":5}},"80":{"start":{"line":163,"column":6},"end":{"line":163,"column":34}},"81":{"start":{"line":164,"column":6},"end":{"line":170,"column":9}},"82":{"start":{"line":165,"column":8},"end":{"line":169,"column":9}},"83":{"start":{"line":166,"column":10},"end":{"line":166,"column":26}},"84":{"start":{"line":168,"column":10},"end":{"line":168,"column":27}},"85":{"start":{"line":171,"column":6},"end":{"line":174,"column":9}},"86":{"start":{"line":175,"column":6},"end":{"line":177,"column":7}},"87":{"start":{"line":176,"column":8},"end":{"line":176,"column":38}},"88":{"start":{"line":178,"column":6},"end":{"line":180,"column":9}},"89":{"start":{"line":179,"column":8},"end":{"line":179,"column":34}},"90":{"start":{"line":181,"column":6},"end":{"line":183,"column":9}},"91":{"start":{"line":185,"column":6},"end":{"line":185,"column":22}},"92":{"start":{"line":187,"column":4},"end":{"line":187,"column":45}},"93":{"start":{"line":188,"column":4},"end":{"line":188,"column":46}},"94":{"start":{"line":189,"column":4},"end":{"line":196,"column":5}},"95":{"start":{"line":190,"column":6},"end":{"line":190,"column":45}},"96":{"start":{"line":191,"column":6},"end":{"line":191,"column":45}},"97":{"start":{"line":192,"column":6},"end":{"line":195,"column":9}},"98":{"start":{"line":197,"column":4},"end":{"line":200,"column":7}},"99":{"start":{"line":201,"column":4},"end":{"line":201,"column":52}},"100":{"start":{"line":202,"column":4},"end":{"line":202,"column":34}},"101":{"start":{"line":203,"column":4},"end":{"line":213,"column":13}},"102":{"start":{"line":204,"column":6},"end":{"line":204,"column":14}},"103":{"start":{"line":205,"column":6},"end":{"line":207,"column":7}},"104":{"start":{"line":206,"column":8},"end":{"line":206,"column":18}},"105":{"start":{"line":208,"column":6},"end":{"line":208,"column":54}},"106":{"start":{"line":209,"column":6},"end":{"line":212,"column":7}},"107":{"start":{"line":210,"column":8},"end":{"line":210,"column":35}},"108":{"start":{"line":211,"column":8},"end":{"line":211,"column":47}},"109":{"start":{"line":214,"column":4},"end":{"line":218,"column":6}},"110":{"start":{"line":219,"column":4},"end":{"line":223,"column":5}},"111":{"start":{"line":220,"column":6},"end":{"line":220,"column":27}},"112":{"start":{"line":221,"column":11},"end":{"line":223,"column":5}},"113":{"start":{"line":222,"column":6},"end":{"line":222,"column":28}},"114":{"start":{"line":224,"column":4},"end":{"line":224,"column":19}},"115":{"start":{"line":232,"column":2},"end":{"line":256,"column":4}},"116":{"start":{"line":233,"column":4},"end":{"line":233,"column":13}},"117":{"start":{"line":234,"column":4},"end":{"line":234,"column":78}},"118":{"start":{"line":235,"column":4},"end":{"line":235,"column":44}},"119":{"start":{"line":236,"column":4},"end":{"line":236,"column":25}},"120":{"start":{"line":237,"column":4},"end":{"line":237,"column":25}},"121":{"start":{"line":238,"column":4},"end":{"line":238,"column":33}},"122":{"start":{"line":239,"column":4},"end":{"line":239,"column":39}},"123":{"start":{"line":240,"column":4},"end":{"line":240,"column":27}},"124":{"start":{"line":241,"column":4},"end":{"line":241,"column":39}},"125":{"start":{"line":242,"column":4},"end":{"line":242,"column":31}},"126":{"start":{"line":243,"column":4},"end":{"line":243,"column":29}},"127":{"start":{"line":244,"column":4},"end":{"line":244,"column":27}},"128":{"start":{"line":245,"column":4},"end":{"line":245,"column":16}},"129":{"start":{"line":246,"column":4},"end":{"line":248,"column":6}},"130":{"start":{"line":247,"column":6},"end":{"line":247,"column":46}},"131":{"start":{"line":249,"column":4},"end":{"line":251,"column":6}},"132":{"start":{"line":250,"column":6},"end":{"line":250,"column":43}},"133":{"start":{"line":252,"column":4},"end":{"line":254,"column":6}},"134":{"start":{"line":253,"column":6},"end":{"line":253,"column":42}},"135":{"start":{"line":255,"column":4},"end":{"line":255,"column":69}},"136":{"start":{"line":266,"column":2},"end":{"line":317,"column":4}},"137":{"start":{"line":267,"column":4},"end":{"line":267,"column":58}},"138":{"start":{"line":268,"column":4},"end":{"line":268,"column":15}},"139":{"start":{"line":269,"column":4},"end":{"line":269,"column":14}},"140":{"start":{"line":270,"column":4},"end":{"line":270,"column":22}},"141":{"start":{"line":271,"column":4},"end":{"line":300,"column":5}},"142":{"start":{"line":272,"column":6},"end":{"line":274,"column":7}},"143":{"start":{"line":273,"column":8},"end":{"line":273,"column":18}},"144":{"start":{"line":275,"column":6},"end":{"line":275,"column":37}},"145":{"start":{"line":276,"column":6},"end":{"line":276,"column":44}},"146":{"start":{"line":277,"column":6},"end":{"line":277,"column":23}},"147":{"start":{"line":278,"column":6},"end":{"line":281,"column":9}},"148":{"start":{"line":282,"column":6},"end":{"line":282,"column":31}},"149":{"start":{"line":283,"column":6},"end":{"line":296,"column":7}},"150":{"start":{"line":284,"column":8},"end":{"line":286,"column":14}},"151":{"start":{"line":285,"column":10},"end":{"line":285,"column":53}},"152":{"start":{"line":287,"column":8},"end":{"line":287,"column":37}},"153":{"start":{"line":288,"column":8},"end":{"line":288,"column":56}},"154":{"start":{"line":290,"column":8},"end":{"line":292,"column":14}},"155":{"start":{"line":291,"column":10},"end":{"line":291,"column":53}},"156":{"start":{"line":293,"column":8},"end":{"line":293,"column":36}},"157":{"start":{"line":294,"column":8},"end":{"line":294,"column":31}},"158":{"start":{"line":295,"column":8},"end":{"line":295,"column":56}},"159":{"start":{"line":298,"column":6},"end":{"line":298,"column":17}},"160":{"start":{"line":299,"column":6},"end":{"line":299,"column":13}},"161":{"start":{"line":301,"column":4},"end":{"line":305,"column":7}},"162":{"start":{"line":306,"column":4},"end":{"line":315,"column":5}},"163":{"start":{"line":307,"column":6},"end":{"line":314,"column":7}},"164":{"start":{"line":308,"column":8},"end":{"line":308,"column":17}},"165":{"start":{"line":310,"column":8},"end":{"line":313,"column":10}},"166":{"start":{"line":316,"column":4},"end":{"line":316,"column":15}},"167":{"start":{"line":322,"column":2},"end":{"line":336,"column":4}},"168":{"start":{"line":323,"column":4},"end":{"line":326,"column":7}},"169":{"start":{"line":327,"column":4},"end":{"line":335,"column":7}},"170":{"start":{"line":328,"column":6},"end":{"line":328,"column":19}},"171":{"start":{"line":329,"column":6},"end":{"line":329,"column":30}},"172":{"start":{"line":330,"column":6},"end":{"line":332,"column":8}},"173":{"start":{"line":334,"column":6},"end":{"line":334,"column":61}},"174":{"start":{"line":349,"column":2},"end":{"line":378,"column":4}},"175":{"start":{"line":350,"column":4},"end":{"line":358,"column":6}},"176":{"start":{"line":359,"column":4},"end":{"line":367,"column":6}},"177":{"start":{"line":368,"column":4},"end":{"line":377,"column":5}},"178":{"start":{"line":369,"column":6},"end":{"line":376,"column":8}},"179":{"start":{"line":388,"column":2},"end":{"line":412,"column":4}},"180":{"start":{"line":389,"column":4},"end":{"line":389,"column":26}},"181":{"start":{"line":390,"column":4},"end":{"line":390,"column":80}},"182":{"start":{"line":391,"column":4},"end":{"line":391,"column":17}},"183":{"start":{"line":392,"column":4},"end":{"line":410,"column":7}},"184":{"start":{"line":393,"column":6},"end":{"line":393,"column":23}},"185":{"start":{"line":394,"column":6},"end":{"line":394,"column":27}},"186":{"start":{"line":395,"column":6},"end":{"line":395,"column":25}},"187":{"start":{"line":396,"column":6},"end":{"line":396,"column":34}},"188":{"start":{"line":397,"column":6},"end":{"line":409,"column":9}},"189":{"start":{"line":398,"column":8},"end":{"line":398,"column":14}},"190":{"start":{"line":399,"column":8},"end":{"line":399,"column":32}},"191":{"start":{"line":400,"column":8},"end":{"line":403,"column":10}},"192":{"start":{"line":411,"column":4},"end":{"line":411,"column":19}},"193":{"start":{"line":419,"column":2},"end":{"line":433,"column":4}},"194":{"start":{"line":420,"column":4},"end":{"line":420,"column":24}},"195":{"start":{"line":421,"column":4},"end":{"line":421,"column":105}},"196":{"start":{"line":422,"column":4},"end":{"line":422,"column":41}},"197":{"start":{"line":423,"column":4},"end":{"line":431,"column":5}},"198":{"start":{"line":424,"column":6},"end":{"line":424,"column":46}},"199":{"start":{"line":425,"column":6},"end":{"line":430,"column":7}},"200":{"start":{"line":426,"column":8},"end":{"line":429,"column":10}},"201":{"start":{"line":432,"column":4},"end":{"line":432,"column":19}},"202":{"start":{"line":441,"column":2},"end":{"line":446,"column":4}},"203":{"start":{"line":442,"column":4},"end":{"line":442,"column":17}},"204":{"start":{"line":443,"column":4},"end":{"line":443,"column":125}},"205":{"start":{"line":444,"column":4},"end":{"line":444,"column":30}},"206":{"start":{"line":445,"column":4},"end":{"line":445,"column":20}}},"branchMap":{"1":{"line":10,"type":"if","locations":[{"start":{"line":10,"column":66},"end":{"line":10,"column":66}},{"start":{"line":10,"column":66},"end":{"line":10,"column":66}}]},"2":{"line":100,"type":"if","locations":[{"start":{"line":100,"column":4},"end":{"line":100,"column":4}},{"start":{"line":100,"column":4},"end":{"line":100,"column":4}}]},"3":{"line":100,"type":"binary-expr","locations":[{"start":{"line":100,"column":8},"end":{"line":100,"column":12}},{"start":{"line":100,"column":16},"end":{"line":100,"column":27}}]},"4":{"line":118,"type":"if","locations":[{"start":{"line":118,"column":4},"end":{"line":118,"column":4}},{"start":{"line":118,"column":4},"end":{"line":118,"column":4}}]},"5":{"line":118,"type":"binary-expr","locations":[{"start":{"line":118,"column":8},"end":{"line":118,"column":21}},{"start":{"line":118,"column":25},"end":{"line":118,"column":45}}]},"6":{"line":132,"type":"if","locations":[{"start":{"line":132,"column":6},"end":{"line":132,"column":6}},{"start":{"line":132,"column":6},"end":{"line":132,"column":6}}]},"7":{"line":153,"type":"if","locations":[{"start":{"line":153,"column":4},"end":{"line":153,"column":4}},{"start":{"line":153,"column":4},"end":{"line":153,"column":4}}]},"8":{"line":153,"type":"binary-expr","locations":[{"start":{"line":153,"column":8},"end":{"line":153,"column":11}},{"start":{"line":153,"column":15},"end":{"line":153,"column":25}}]},"9":{"line":162,"type":"if","locations":[{"start":{"line":162,"column":4},"end":{"line":162,"column":4}},{"start":{"line":162,"column":4},"end":{"line":162,"column":4}}]},"10":{"line":165,"type":"if","locations":[{"start":{"line":165,"column":8},"end":{"line":165,"column":8}},{"start":{"line":165,"column":8},"end":{"line":165,"column":8}}]},"11":{"line":175,"type":"if","locations":[{"start":{"line":175,"column":6},"end":{"line":175,"column":6}},{"start":{"line":175,"column":6},"end":{"line":175,"column":6}}]},"12":{"line":187,"type":"cond-expr","locations":[{"start":{"line":187,"column":29},"end":{"line":187,"column":34}},{"start":{"line":187,"column":37},"end":{"line":187,"column":44}}]},"13":{"line":188,"type":"cond-expr","locations":[{"start":{"line":188,"column":30},"end":{"line":188,"column":35}},{"start":{"line":188,"column":38},"end":{"line":188,"column":45}}]},"14":{"line":189,"type":"if","locations":[{"start":{"line":189,"column":4},"end":{"line":189,"column":4}},{"start":{"line":189,"column":4},"end":{"line":189,"column":4}}]},"15":{"line":205,"type":"if","locations":[{"start":{"line":205,"column":6},"end":{"line":205,"column":6}},{"start":{"line":205,"column":6},"end":{"line":205,"column":6}}]},"16":{"line":205,"type":"binary-expr","locations":[{"start":{"line":205,"column":10},"end":{"line":205,"column":25}},{"start":{"line":205,"column":29},"end":{"line":205,"column":40}}]},"17":{"line":209,"type":"if","locations":[{"start":{"line":209,"column":6},"end":{"line":209,"column":6}},{"start":{"line":209,"column":6},"end":{"line":209,"column":6}}]},"18":{"line":209,"type":"cond-expr","locations":[{"start":{"line":209,"column":36},"end":{"line":209,"column":51}},{"start":{"line":209,"column":54},"end":{"line":209,"column":60}}]},"19":{"line":219,"type":"if","locations":[{"start":{"line":219,"column":4},"end":{"line":219,"column":4}},{"start":{"line":219,"column":4},"end":{"line":219,"column":4}}]},"20":{"line":219,"type":"binary-expr","locations":[{"start":{"line":219,"column":8},"end":{"line":219,"column":23}},{"start":{"line":219,"column":27},"end":{"line":219,"column":39}}]},"21":{"line":221,"type":"if","locations":[{"start":{"line":221,"column":11},"end":{"line":221,"column":11}},{"start":{"line":221,"column":11},"end":{"line":221,"column":11}}]},"22":{"line":234,"type":"binary-expr","locations":[{"start":{"line":234,"column":19},"end":{"line":234,"column":29}},{"start":{"line":234,"column":33},"end":{"line":234,"column":64}},{"start":{"line":234,"column":69},"end":{"line":234,"column":77}}]},"23":{"line":238,"type":"binary-expr","locations":[{"start":{"line":238,"column":17},"end":{"line":238,"column":26}},{"start":{"line":238,"column":30},"end":{"line":238,"column":32}}]},"24":{"line":255,"type":"binary-expr","locations":[{"start":{"line":255,"column":5},"end":{"line":255,"column":19}},{"start":{"line":255,"column":24},"end":{"line":255,"column":28}},{"start":{"line":255,"column":32},"end":{"line":255,"column":43}},{"start":{"line":255,"column":49},"end":{"line":255,"column":68}}]},"25":{"line":272,"type":"if","locations":[{"start":{"line":272,"column":6},"end":{"line":272,"column":6}},{"start":{"line":272,"column":6},"end":{"line":272,"column":6}}]},"26":{"line":283,"type":"if","locations":[{"start":{"line":283,"column":6},"end":{"line":283,"column":6}},{"start":{"line":283,"column":6},"end":{"line":283,"column":6}}]},"27":{"line":283,"type":"binary-expr","locations":[{"start":{"line":283,"column":10},"end":{"line":283,"column":28}},{"start":{"line":283,"column":32},"end":{"line":283,"column":57}}]},"28":{"line":306,"type":"if","locations":[{"start":{"line":306,"column":4},"end":{"line":306,"column":4}},{"start":{"line":306,"column":4},"end":{"line":306,"column":4}}]},"29":{"line":307,"type":"if","locations":[{"start":{"line":307,"column":6},"end":{"line":307,"column":6}},{"start":{"line":307,"column":6},"end":{"line":307,"column":6}}]},"30":{"line":334,"type":"binary-expr","locations":[{"start":{"line":334,"column":13},"end":{"line":334,"column":31}},{"start":{"line":334,"column":35},"end":{"line":334,"column":60}}]},"31":{"line":350,"type":"binary-expr","locations":[{"start":{"line":350,"column":28},"end":{"line":350,"column":49}},{"start":{"line":350,"column":53},"end":{"line":358,"column":5}}]},"32":{"line":359,"type":"binary-expr","locations":[{"start":{"line":359,"column":27},"end":{"line":359,"column":47}},{"start":{"line":359,"column":51},"end":{"line":367,"column":5}}]},"33":{"line":368,"type":"if","locations":[{"start":{"line":368,"column":4},"end":{"line":368,"column":4}},{"start":{"line":368,"column":4},"end":{"line":368,"column":4}}]},"34":{"line":368,"type":"binary-expr","locations":[{"start":{"line":368,"column":8},"end":{"line":368,"column":29}},{"start":{"line":368,"column":33},"end":{"line":368,"column":54}}]},"35":{"line":390,"type":"binary-expr","locations":[{"start":{"line":390,"column":16},"end":{"line":390,"column":19}},{"start":{"line":390,"column":23},"end":{"line":390,"column":33}},{"start":{"line":390,"column":37},"end":{"line":390,"column":40}},{"start":{"line":390,"column":45},"end":{"line":390,"column":79}}]},"36":{"line":396,"type":"binary-expr","locations":[{"start":{"line":396,"column":13},"end":{"line":396,"column":23}},{"start":{"line":396,"column":27},"end":{"line":396,"column":33}}]},"37":{"line":397,"type":"cond-expr","locations":[{"start":{"line":397,"column":59},"end":{"line":404,"column":8}},{"start":{"line":404,"column":11},"end":{"line":409,"column":7}}]},"38":{"line":423,"type":"if","locations":[{"start":{"line":423,"column":4},"end":{"line":423,"column":4}},{"start":{"line":423,"column":4},"end":{"line":423,"column":4}}]},"39":{"line":425,"type":"if","locations":[{"start":{"line":425,"column":6},"end":{"line":425,"column":6}},{"start":{"line":425,"column":6},"end":{"line":425,"column":6}}]},"40":{"line":443,"type":"cond-expr","locations":[{"start":{"line":443,"column":63},"end":{"line":443,"column":91}},{"start":{"line":443,"column":94},"end":{"line":443,"column":124}}]}},"code":["","/**","Implementation of the 'build' verb for HackMyResume.","@module verbs/build","@license MIT. See LICENSE.md for details."," */","","(function() {","  var BuildVerb, FRESHTheme, FS, HMEVENT, HMSTATUS, JRSTheme, MD, MKDIRP, PATH, RConverter, RTYPES, ResumeFactor
[...]
,"column":8}},"55":{"start":{"line":92,"column":6},"end":{"line":96,"column":9}},"56":{"start":{"line":97,"column":6},"end":{"line":97,"column":17}}},"branchMap":{"1":{"line":10,"type":"if","locations":[{"start":{"line":10,"column":65},"end":{"line":10,"column":65}},{"start":{"line":10,"column":65},"end":{"line":10,"column":65}}]},"2":{"line":43,"type":"if","locations":[{"start":{"line":43,"column":4},"end":{"line":43,"column":4}},{"start":{"line":43,"column":4},"end":{"line":43,"column":4}}]},"3":{"line":43,"type":"binary-expr","locations":[{"start":{"line":43,"column":8},"end":{"line":43,"column":12}},{"start":{"line":43,"column":16},"end":{"line":43,"column":27}}]},"4":{"line":51,"type":"if","locations":[{"start":{"line":51,"column":6},"end":{"line":51,"column":6}},{"start":{"line":51,"column":6},"end":{"line":51,"column":6}}]},"5":{"line":51,"type":"binary-expr","locations":[{"start":{"line":51,"column":10},"end":{"line":51,"column":21}},{"start":{"line":51,"column":25},"end":{"line":51,"column":40}}]},"6":{"line":55,"type":"if","locations":[{"start":{"line":55,"column":6},"end":{"line":55,"column":6}},{"start":{"line":55,"column":6},"end":{"line":55,"column":6}}]},"7":{"line":61,"type":"if","locations":[{"start":{"line":61,"column":4},"end":{"line":61,"column":4}},{"start":{"line":61,"column":4},"end":{"line":61,"column":4}}]},"8":{"line":61,"type":"binary-expr","locations":[{"start":{"line":61,"column":8},"end":{"line":61,"column":23}},{"start":{"line":61,"column":27},"end":{"line":61,"column":39}}]},"9":{"line":63,"type":"if","locations":[{"start":{"line":63,"column":11},"end":{"line":63,"column":11}},{"start":{"line":63,"column":11},"end":{"line":63,"column":11}}]}},"code":["","/**","Implementation of the 'create' verb for HackMyResume.","@module verbs/create","@license MIT. See LICENSE.md for details."," */","","(function() {","  var CreateVerb, HMEVENT, HMSTATUS, MKDIRP, PATH, Verb, _, _create, _createOne, chalk,","    extend = function(child, parent) { for (var key in parent) { if (hasProp.call(parent, key)) child[key] = parent[key]; } function ctor() { this.constructor = child; } ctor.prototype = parent.prototype; child.prototype = new ctor(); child.__super__ = parent.prototype; return child; },","    hasProp = {}.hasOwnProperty;","","  MKDIRP = require('mkdirp');","","  PATH = require('path');","","  chalk = require('chalk');","","  Verb = require('../verbs/verb');","","  _ = require('underscore');","","  HMSTATUS = require('../core/status-codes');","","  HMEVENT = require('../core/event-codes');","","  module.exports = CreateVerb = (function(superClass) {","    extend(CreateVerb, superClass);","","    function CreateVerb() {","      CreateVerb.__super__.constructor.call(this, 'new', _create);","    }","","    return CreateVerb;","","  })(Verb);","","","  /** Create a new empty resume in either FRESH or JRS format. */","","  _create = function(src, dst, opts) {","    var results;","    if (!src || !src.length) {","      this.err(HMSTATUS.createNameMissing, {","        quit: true","      });","      return null;","    }","    results = _.map(src, function(t) {","      var r;","      if (opts.assert && this.hasError()) {","        return {};","      }","      r = _createOne.call(this, t, opts);","      if (r.fluenterror) {","        r.quit = opts.assert;","        this.err(r.fluenterror, r);","      }","      return r;","    }, this);","    if (this.hasError() && !opts.assert) {","      this.reject(this.errorCode);","    } else if (!this.hasError()) {","      this.resolve(results);","    }","    return results;","  };","","","  /** Create a single new resume */","","  _createOne = function(t, opts) {","    var RezClass, newRez, ret, safeFmt;","    try {","      ret = null;","      safeFmt = opts.format.toUpperCase();","      this.stat(HMEVENT.beforeCreate, {","        fmt: safeFmt,","        file: t","      });","      MKDIRP.sync(PATH.dirname(t));","      RezClass = require('../core/' + safeFmt.toLowerCase() + '-resume');","      newRez = RezClass[\"default\"]();","      newRez.save(t);","      ret = newRez;","    } catch (_error) {","      ret = {","        fluenterror: HMSTATUS.createError,","        inner: _error","      };","    } finally {","      this.stat(HMEVENT.afterCreate, {","        fmt: safeFmt,","        file: t,","        isError: ret.fluenterror","      });","      return ret;","    }","  };","","}).call(this);","","//# sourceMappingURL=create.js.map",""],"l":{"8":1,"9":1,"10":1,"13":1,"15":1,"17":1,"19":1,"21":1,"23":1,"25":1,"27":1,"28":1,"30":1,"31":0,"34":1,"41":1,"42":0,"43":0,"44":0,"47":0,"49":0,"50":0,"51":0,"52":0,"54":0,"55":0,"56":0,"57":0,"59":0,"61":0,"62":0,"63":0,"64":0,"66":0,"72":1,"73":0,"74":0,"75":0,"76":0,"77":0,"81":0,"82":0,"83":0,"84":0,"85":0,"87":0,"92":0,"97":0}},"/home/travis/build/npmtest/node-npmtest-hackmyresume/node_modules/hackmyresume/dist/verbs/peek.js":{"path":"/home/travis/build/npmtest/node-npmtest-hackmyresume/node_modules/hackmyresume/dist/verbs/peek.js","s":{"1":1,"2":1,"3":1,"4":0,"5":0,"6":1,"7":1,"8":1,"9":1,"10":1,"11":1,"12":1,"13":1,"14":1,"15":1,"16":1,"17":1,"18":1,"19":1,"20":1,"21":0,"22":1,"23":1,"24":0,"25":0,"26":0,"27":0,"28":0,"29":0,"30":0,"31":0,"32":0,"33":0,"34":0,"35":0,"36":0,"37":0,"38":0,"39":0,"40":0,"41":0,"42":1,"43":0,"44":0,"45":0,"46":0,"47":0,"48":0,"49":0,"50":0,"51":0,"52":0,"53":0,"54":0,"55":0,"56":0},"b":{"1":[0,0],"2":[0,0],"3":[0,0],"4":[0,0,0],"5":[0,0],"6":[0,0],"7":[0,0],"8":[0,0],"9":[0,0],"10":[0,0],"11":[0,0],"12":[0,0],"13":[0,0],"14":[0,0],"15":[0,0],"16":[0,0],"17":[0,0]},"f":{"1":1,"2":1,"3":1,"4":1,"5":0,"6":0,"7":0,"8":0},"fnMap":{"1":{"name":"(anonymous_1)","line":8,"loc":{"start":{"line":8,"column":1},"end":{"line":8,"column":12}}},"2":{"name":"(anonymous_2)","line":10,"loc":{"start":{"line":10,"column":13},"end":{"line":10,"column":37}}},"3":{"name":"ctor","line":10,"loc":{"start":{"line":10,"column":124},"end":{"line":10,"column":140}}},"4":{"name":"(anonymous_4)","line":25,"loc":{"start":{"line":25,"column":31},"end":{"line":25,"column":52}}},"5":{"name":"PeekVerb","line":28,"loc":{"start":{"line":28,"column":4},"end":{"line":28,"column":24}}},"6":{"name":"(anonymous_6)","line":39,"loc":{"start":{"line":39,"column":10},"end":{"line":39,"column":35}}},"7":{"name":"(anonymous_7)","line":48,"loc":{"start":{"line":48,"column":25},"end":{"line":48,"column":37}}},"8":{"name":"(anonymous_8)","line":70,"loc":{"start":{"line":70,"column":13},"end":{"line":70,"column":34}}}},"statementMap":{"1":{"start":{"line":8,"column":0},"end":{"line":104,"column":14}},"2":{"start":{"line":9,"column":2},"end":{"line":11,"column":32}},"3":{"start":{"line":10,"column":39},"end":{"line":10,"column":123}},"4":{"start":{"line":10,"column":65},"end":{"line":10,"column":121}},"5":{"start":{"line":10,"column":96},"end":{"line":10,"column":121}},"6":{"start":{"line":10,"column":124},"end":{"line":10,"column":169}},"7":{"start":{"line":10,"column":142},"end":{"line":10,"column":167}},"8":{"start":{"line":10,"column":170},"end":{"line":10,"column":204}},"9":{"start":{"line":10,"column":205},"end":{"line":10,"column":234}},"10":{"start":{"line":10,"column":235},"end":{"line":10,"column":270}},"11":{"start":{"line":10,"column":271},"end":{"line":10,"column":284}},"12":{"start":{"line":13,"column":2},"end":{"line":13,"column":34}},"13":{"start":{"line":15,"column":2},"end":{"line":15,"column":28}},"14":{"start":{"line":17,"column":2},"end":{"line":17,"column":25}},"15":{"start":{"line":19,"column":2},"end":{"line":19,"column":54}},"16":{"start":{"line":21,"column":2},"end":{"line":21,"column":45}},"17":{"start":{"line":23,"column":2},"end":{"line":23,"column":43}},"18":{"start":{"line":25,"column":2},"end":{"line":34,"column":11}},"19":{"start":{"line":26,"column":4},"end":{"line":26,"column":33}},"20":{"start":{"line":28,"column":4},"end":{"line":30,"column":5}},"21":{"start":{"line":29,"column":6},"end":{"line":29,"column":63}},"22":{"start":{"line":32,"column":4},"end":{"line":32,"column":20}},"23":{"start":{"line":39,"column":2},"end":{"line":65,"column":4}},"24":{"start":{"line":40,"column":4},"end":{"line":40,"column":25}},"25":{"start":{"line":41,"column":4},"end":{"line":46,"column":5}},"26":{"start":{"line":42,"column":6},"end":{"line":44,"column":9}},"27":{"start":{"line":45,"column":6},"end":{"line":45,"column":18}},"28":{"start":{"line":47,"column":4},"end":{"line":47,"column":36}},"29":{"start":{"line":48,"column":4},"end":{"line":58,"column":13}},"30":{"start":{"line":49,"column":6},"end":{"line":49,"column":14}},"31":{"start":{"line":50,"column":6},"end":{"line":52,"column":7}},"32":{"start":{"line":51,"column":8},"end":{"line":51,"column":18}},"33":{"start":{"line":53,"column":6},"end":{"line":53,"column":44}},"34":{"start":{"line":54,"column":6},"end":{"line":56,"column":7}},"35":{"start":{"line":55,"column":8},"end":{"line":55,"column":56}},"36":{"start":{"line":57,"column":6},"end":{"line":57,"column":17}},"37":{"start":{"line":59,"column":4},"end":{"line":63,"column":5}},"38":{"start":{"line":60,"column":6},"end":{"line":60,"column":34}},"39":{"start":{"line":61,"column":11},"end":{"line":63,"column":5}},"40":{"start":{"line":62,"column":6},"end":{"line":62,"column":28}},"41":{"start":{"line":64,"column":4},"end":{"line":64,"column":19}},"42":{"start":{"line":70,"column":2},"end":{"line":102,"column":4}},"43":{"start":{"line":71,"column":4},"end":{"line":71,"column":36}},"44":{"start":{"line":72,"column":4},"end":{"line":75,"column":7}},"45":{"start":{"line":76,"column":4},"end":{"line":76,"column":26}},"46":{"start":{"line":77,"column":4},"end":{"line":77,"column":15}},"47":{"start":{"line":78,"column":4},"end":{"line":80,"column":5}},"48":{"start":{"line":79,"column":6},"end":{"line":79,"column":59}},"49":{"start":{"line":81,"column":4},"end":{"line":81,"column":20}},"50":{"start":{"line":82,"column":4},"end":{"line":91,"column":5}},"51":{"start":{"line":83,"column":6},"end":{"line":83,"column":88}},"52":{"start":{"line":84,"column":6},"end":{"line":86,"column":7}},"53":{"start":{"line":85,"column":8},"end":{"line":85,"column":28}},"54":{"start":{"line":87,"column":6},"end":{"line":90,"column":8}},"55":{"start":{"line":92,"column":4},"end":{"line":97,"column":7}},"56":{"start":{"line":98,"column":4},"end":{"line":101,"column":6}}},"branchMap":{"1":{"line":10,"type":"if","locations":[{"start":{"line":10,"column":65},"end":{"line":10,"column":65}},{"start":{"line":10,"column":65},"end":{"line":10,"column":65}}]},"2":{"line":41,"type":"if","locations":[{"start":{"line":41,"column":4},"end":{"line":41,"column":4}},{"start":{"line":41,"column":4},"end":{"line":41,"column":4}}]},"3":{"line":41,"type":"binary-expr","locations":[{"start":{"line":41,"column":8},"end":{"line":41,"column":12}},{"start":{"line":41,"column":16},"end":{"line":41,"column":27}}]},"4":{"line":47,"type":"binary-expr","locations":[{"start":{"line":47,"column":15},"end":{"line":47,"column":18}},{"start":{"line":47,"column":22},"end":{"line":47,"column":28}},{"start":{"line":47,"column":33},"end":{"line":47,"column":35}}]},"5":{"line":50,"type":"if","locations":[{"start":{"line":50,"column":6},"end":{"line":50,"column":6}},{"start":{"line":50,"column":6},"end":{"line":50,"column":6}}]},"6":{"line":50,"type":"binary-expr","locations":[{"start":{"line":50,"column":10},"end":{"line":50,"column":21}},{"start":{"line":50,"column":25},"end":{"line":50,"column":40}}]},"7":{"line":54,"type":"if","locations":[{"start":{"line":54,"column":6},"end":{"line":54,"column":6}},{"start":{"line":54,"column":6},"end":{"line":54,"column":6}}]},"8":{"line":59,"type":"if","locations":[{"start":{"line":59,"column":4},"end":{"line":59,"column":4}},{"start":{"line":59,"column":4},"end":{"line":59,"column":4}}]},"9":{"line":59,"type":"binary-expr","locations":[{"start":{"line":59,"column":8},"end":{"line":59,"column":23}},{"start":{"line":59,"column":27},"end":{"line":59,"column":39}}]},"10":{"line":61,"type":"if","locations":[{"start":{"line":61,"column":11},"end":{"line":61,"column":11}},{"start":{"line":61,"column":11},"end":{"line":61,"column":11}}]},"11":{"line":78,"type":"if","locations":[{"start":{"line":78,"column":4},"end":{"line":78,"column":4}},{"start":{"line":78,"column":4},"end":{"line":78,"column":4}}]},"12":{"line":79,"type":"cond-expr","locations":[{"start":{"line":79,"column":22},"end":{"line":79,"column":47}},{"start":{"line":79,"column":50},"end":{"line":79,"column":58}}]},"13":{"line":82,"type":"if","locations":[{"start":{"line":82,"column":4},"end":{"line":82,"column":4}},{"start":{"line":82,"column":4},"end":{"line":82,"column":4}}]},"14":{"line":83,"type":"cond-expr","locations":[{"start":{"line":83,"column":47},"end":{"line":83,"column":66}},{"start":{"line":83,"column":69},"end":{"line":83,"column":87}}]},"15":{"line":84,"type":"if","locations":[{"start":{"line":84,"column":6},"end":{"line":84,"column":6}},{"start":{"line":84,"column":6},"end":{"line":84,"column":6}}]},"16":{"line":95,"type":"cond-expr","locations":[{"start":{"line":95,"column":23},"end":{"line":95,"column":29}},{"start":{"line":95,"column":32},"end":{"line":95,"column":35}}]},"17":{"line":99,"type":"cond-expr","locations":[{"start":{"line":99,"column":20},"end":{"line":99,"column":26}},{"start":{"line":99,"column":29},"end":{"line":99,"column":32}}]}},"code":["","/**","Implementation of the 'peek' verb for HackMyResume.","@module verbs/peek","@license MIT. See LICENSE.md for details."," */","","(function() {","  var HMEVENT, HMSTATUS, PeekVerb, Verb, _, __, _peek, _peekOne, safeLoadJSON,","    extend = function(child, parent) { for (var key in parent) { if (hasProp.call(parent, key)) child[key] = parent[key]; } function ctor() { this.constructor = child; } ctor.prototype = parent.prototype; child.prototype = new ctor(); child.__super__ = parent.prototype; return child; },","    hasProp = {}.hasOwnProperty;","","  Verb = require('../verbs/verb');","","  _ = require('underscore');","","  __ = require('lodash');","","  safeLoadJSON = require('../utils/safe-json-loader');","","  HMSTATUS = require('../core/status-codes');","","  HMEVENT = require('../core/event-codes');","","  module.exports = PeekVerb = (function(superClass) {","    extend(PeekVerb, superClass);","","    function PeekVerb() {","      PeekVerb.__super__.constructor.call(this, 'peek', _peek);","    }","","    return PeekVerb;","","  })(Verb);","","","  /** Peek at a resume, resume section, or resume field. */","","  _peek = function(src, dst, opts) {","    var objPath, results;","    if (!src || !src.length) {","      this.err(HMSTATUS.resumeNotFound, {","        quit: true","      });","      return null;","    }","    objPath = (dst && dst[0]) || '';","    results = _.map(src, function(t) {","      var tgt;","      if (opts.assert && this.hasError()) {","        return {};","      }","      tgt = _peekOne.call(this, t, objPath);","      if (tgt.error) {","        this.setError(tgt.error.fluenterror, tgt.error);","      }","      return tgt;","    }, this);","    if (this.hasError() && !opts.assert) {","      this.reject(this.errorCode);","    } else if (!this.hasError()) {","      this.resolve(results);","    }","    return results;","  };","","","  /** Peek at a single resume, resume section, or resume field. */","","  _peekOne = function(t, objPath) {","    var errCode, obj, pkgError, tgt;","    this.stat(HMEVENT.beforePeek, {","      file: t,","      target: objPath","    });","    obj = safeLoadJSON(t);","    tgt = null;","    if (!obj.ex) {","      tgt = objPath ? __.get(obj.json, objPath) : obj.json;","    }","    pkgError = null;","    if (obj.ex) {","      errCode = obj.ex.operation === 'parse' ? HMSTATUS.parseError : HMSTATUS.readError;","      if (errCode === HMSTATUS.readError) {","        obj.ex.quiet = true;","      }","      pkgError = {","        fluenterror: errCode,","        inner: obj.ex","      };","    }","    this.stat(HMEVENT.afterPeek, {","      file: t,","      requested: objPath,","      target: obj.ex ? void 0 : tgt,","      error: pkgError","    });","    return {","      val: obj.ex ? void 0 : tgt,","      error: pkgError","    };","  };","","}).call(this);","","//# sourceMappingURL=peek.js.map",""],"l":{"8":1,"9":1,"10":1,"13":1,"15":1,"17":1,"19":1,"21":1,"23":1,"25":1,"26":1,"28":1,"29":0,"32":1,"39":1,"40":0,"41":0,"42":0,"45":0,"47":0,"48":0,"49":0,"50":0,"51":0,"53":0,"54":0,"55":0,"57":0,"59":0,"60":0,"61":0,"62":0,"64":0,"70":1,"71":0,"72":0,"76":0,"77":0,"78":0,"79":0,"81":0,"82":0,"83":0,"84":0,"85":0,"87":0,"92":0,"98":0}},"/home/travis/build/npmtest/node-npmtest-hackmyresume/node_modules/hackmyresume/dist/generators/yaml-generator.js":{"path":"/home/travis/build/npmtest/node-npmtest-hackmyresume/node_modules/hackmyresume/dist/generators/yaml-generator.js","s":{"1":1,"2":1,"3":1,"4":1,"5":1,"6":1,"7":1,"8":1,"9":1,"10":1,"11":1,"12":1,"13":1,"14":1,"15":1,"16":0,"17":1},"b":{"1":[1,0]},"f":{"1":1,"2":1,"3":1,"4":1,"5":0},"fnMap":{"1":{"name":"(anonymous_1)","line":8,"loc":{"start":{"line":8,"column":1},"end":{"line":8,"column":12}}},"2":{"name":"(anonymous_2)","line":10,"loc":{"start":{"line":10,"column":13},"end":{"line":10,"column":37}}},"3":{"name":"ctor","line":10,"loc":{"start":{"line":10,"column":124},"end":{"line":10,"column":140}}},"4":{"name":"(anonymous_4)","line":20,"loc":{"start":{"line":20,"column":36},"end":{"line":20,"column":57}}},"5":{"name":"YAMLGenerator","line":23,"loc":{"start":{"line":23,"column":4},"end":{"line":23,"column":29}}}},"statementMap":{"1":{"start":{"line":8,"column":0},"end":{"line":31,"column":14}},"2":{"start":{"line":9,"column":2},"end":{"line":11,"column":32}},"3":{"start":{"line":10,"column":39},"end":{"line":10,"column":123}},"4":{"start":{"line":10,"column":65},"end":{"line":10,"column":121}},"5":{"start":{"line":10,"column":96},"end":{"line":10,"column":121}},"6":{"start":{"line":10,"column":124},"end":{"line":10,"column":169}},"7":{"start":{"line":10,"column":142},"end":{"line":10,"column":167}},"8":{"start":{"line":10,"column":170},"end":{"line":10,"column":204}},"9":{"start":{"line":10,"column":205},"end":{"line":10,"column":234}},"10":{"start":{"line":10,"column":235},"end":{"line":10,"column":270}},"11":{"start":{"line":10,"column":271},"end":{"line":10,"column":284}},"12":{"start":{"line":13,"column":2},"end":{"line":13,"column":54}},"13":{"start":{"line":20,"column":2},"end":{"line":29,"column":24}},"14":{"start":{"line":21,"column":4},"end":{"line":21,"column":38}},"15":{"start":{"line":23,"column":4},"end":{"line":25,"column":5}},"16":{"start":{"line":24,"column":6},"end":{"line":24,"column":67}},"17":{"start":{"line":27,"column":4},"end":{"line":27,"column":25}}},"branchMap":{"1":{"line":10,"type":"if","locations":[{"start":{"line":10,"column":65},"end":{"line":10,"column":65}},{"start":{"line":10,"column":65},"end":{"line":10,"column":65}}]}},"code":["","/**","Definition of the YAMLGenerator class.","@module yaml-generator.js","@license MIT. See LICENSE.md for details."," */","","(function() {","  var TemplateGenerator, YAMLGenerator,","    extend = function(child, parent) { for (var key in parent) { if (hasProp.call(parent, key)) child[key] = parent[key]; } function ctor() { this.constructor = child; } ctor.prototype = parent.prototype; child.prototype = new ctor(); child.__super__ = parent.prototype; return child; },","    hasProp = {}.hasOwnProperty;","","  TemplateGenerator = require('./template-generator');","","","  /**","  YamlGenerator generates a YAML-formatted resume via TemplateGenerator.","   */","","  module.exports = YAMLGenerator = (function(superClass) {","    extend(YAMLGenerator, superClass);","","    function YAMLGenerator() {","      YAMLGenerator.__super__.constructor.call(this, 'yml', 'yml');","    }","","    return YAMLGenerator;","","  })(TemplateGenerator);","","}).call(this);","","//# sourceMappingURL=yaml-generator.js.map",""],"l":{"8":1,"9":1,"10":1,"13":1,"20":1,"21":1,"23":1,"24":0,"27":1}}}